<?xml version="1.0" encoding="utf-8"?>
<assemblies>
  <assembly name="xBDD.Reporting.Test.dll" environment="32-bit .NET (unknown version) [collection-per-class, parallel (4 threads)]" test-framework="xUnit.net 2.1.0.3168" run-date="2015-10-12" run-time="14:50:50" total="74" passed="57" failed="17" skipped="0" time="10.085" errors="0">
    <errors />
    <collection total="74" passed="57" failed="17" skipped="0" name="xBDDReportingTest" time="5.435">
      <test name="xBDD.Reporting.Test.Features.ViewTextReport.WriteToText.WriteRunScenarioWithFailedStep" type="xBDD.Reporting.Test.Features.ViewTextReport.WriteToText" method="WriteRunScenarioWithFailedStep" time="0.053738" result="Pass">
        <output><![CDATA[Write Run Scenario With Failed Step
    the following method
        using System;
        using xBDD.Test;
        namespace xBDD.Reporting.Test.Features.ViewTextReport.WriteToTextScenarios
        {
            public class RunScenarioWithFailedStep : IExecute<string>
            {
                public string Execute()
                {
                    var xBDD = new xBDDMock();
                    xBDD.CurrentRun.TestRun.Name = "My Test Run";
                    try
                    {
                        xBDD.CurrentRun
                            .AddScenario("My Scenario", "My Feature", "My.Area.Path")
                            .Given(xBDD.CreateStep("my starting condition"))
                            .When(xBDD.CreateStep("my action", (s) => { throw new Exception("My Error"); }))
                            .Then(xBDD.CreateStep("my ending condition"))
                            .Run();
                    }
                    catch { }
                    return xBDD.CurrentRun.TestRun.WriteToText();
                }
            }
        }
    the method is executed
    the test results written should match the template:
        My Test Run

        My.Area.Path
        	My Feature
        		My Scenario [Failed]
        			Given my starting condition
        			When my action [Failed]
        				Error Type: Exception
        				   Message: My Error
        {{				     Stack\: .*}}
        {{.*}}/rl
        			Then my ending condition [Skipped - Previous Error]
]]></output>
      </test>
      <test name="xBDD.Reporting.Test.Features.ViewTextReport.WriteToText.WriteEmtpyTestRun" type="xBDD.Reporting.Test.Features.ViewTextReport.WriteToText" method="WriteEmtpyTestRun" time="0.0006986" result="Pass">
        <output><![CDATA[Write Emtpy Test Run
    the following method
        using xBDD.Test;
        namespace xBDD.Reporting.Test.Features.ViewTextReport.WriteToTextScenarios
        {
            public class EmptyTestRun : IExecute<string>
            {
                public string Execute()
                {
                    var xBDD = new xBDDMock();
                    xBDD.CurrentRun.TestRun.Name = "My Test Run";
                    return xBDD.CurrentRun.TestRun.WriteToText();
                }
            }
        }
    the method is executed
    the test results written should match the template:
        My Test Run

]]></output>
      </test>
      <test name="xBDD.Reporting.Test.Features.ViewTextReport.WriteToText.WriteRunMultipleAreas" type="xBDD.Reporting.Test.Features.ViewTextReport.WriteToText" method="WriteRunMultipleAreas" time="0.0009529" result="Pass">
        <output><![CDATA[Write Run Multiple Areas
    the following method
        using xBDD.Test;
        namespace xBDD.Reporting.Test.Features.ViewTextReport.WriteToTextScenarios
        {
            public class RunMultipleAreas : IExecute<string>
            {
                public string Execute()
                {
                    var xBDD = new xBDDMock();
                    xBDD.CurrentRun.TestRun.Name = "My Test Run";
                    try
                    {
                        xBDD.CurrentRun
                            .AddScenario("My Scenario One", "My Feature One", "My.Area.Path.One")
                            .Given(xBDD.CreateStep("my starting condition"))
                            .When(xBDD.CreateStep("my action"))
                            .Then(xBDD.CreateStep("my ending condition"))
                            .Run();
                        xBDD.CurrentRun
                            .AddScenario("My Scenario Two", "My Feature One", "My.Area.Path.One")
                            .Given(xBDD.CreateStep("my starting condition"))
                            .When(xBDD.CreateStep("my action"))
                            .Then(xBDD.CreateStep("my ending condition"))
                            .Run();
                        xBDD.CurrentRun
                            .AddScenario("My Scenario One", "My Feature Two", "My.Area.Path.Two")
                            .Given(xBDD.CreateStep("my starting condition"))
                            .When(xBDD.CreateStep("my action"))
                            .Then(xBDD.CreateStep("my ending condition"))
                            .Run();
                        xBDD.CurrentRun
                            .AddScenario("My Scenario Two", "My Feature Two", "My.Area.Path.Two")
                            .Given(xBDD.CreateStep("my starting condition"))
                            .When(xBDD.CreateStep("my action"))
                            .Then(xBDD.CreateStep("my ending condition"))
                            .Run();
                    }
                    catch { }
                    return xBDD.CurrentRun.TestRun.WriteToText();
                }
            }
        }
    the method is executed
    the test results written should match the template:
        My Test Run

        My.Area.Path.One
        	My Feature One
        		My Scenario One
        			Given my starting condition
        			When my action
        			Then my ending condition
        		My Scenario Two
        			Given my starting condition
        			When my action
        			Then my ending condition
        My.Area.Path.Two
        	My Feature Two
        		My Scenario One
        			Given my starting condition
        			When my action
        			Then my ending condition
        		My Scenario Two
        			Given my starting condition
        			When my action
        			Then my ending condition
]]></output>
      </test>
      <test name="xBDD.Reporting.Test.Features.ViewTextReport.WriteToText.WriteRunScenarioWithSteps" type="xBDD.Reporting.Test.Features.ViewTextReport.WriteToText" method="WriteRunScenarioWithSteps" time="0.0007275" result="Pass">
        <output><![CDATA[Write Run Scenario With Steps
    the following method
        using xBDD.Test;
        namespace xBDD.Reporting.Test.Features.ViewTextReport.WriteToTextScenarios
        {
            public class RunScenarioWithSteps : IExecute<string>
            {
                public string Execute()
                {
                    var xBDD = new xBDDMock();
                    xBDD.CurrentRun.TestRun.Name = "My Test Run";
                    try
                    {
                        xBDD.CurrentRun
                            .AddScenario("My Scenario", "My Feature", "My.Area.Path")
                            .Given(xBDD.CreateStep("my starting condition"))
                            .When(xBDD.CreateStep("my action"))
                            .Then(xBDD.CreateStep("my ending condition"))
                            .Run();
                    }
                    catch { }
                    return xBDD.CurrentRun.TestRun.WriteToText();
                }
            }
        }
    the method is executed
    the test results written should match the template:
        My Test Run

        My.Area.Path
        	My Feature
        		My Scenario
        			Given my starting condition
        			When my action
        			Then my ending condition
]]></output>
      </test>
      <test name="xBDD.Reporting.Test.Features.ViewTextReport.WriteToText.WriteRunEmptyScenario" type="xBDD.Reporting.Test.Features.ViewTextReport.WriteToText" method="WriteRunEmptyScenario" time="0.001698" result="Pass">
        <output><![CDATA[Write Run Empty Scenario
    the following method
        using xBDD.Test;
        namespace xBDD.Reporting.Test.Features.ViewTextReport.WriteToTextScenarios
        {
            public class RunEmptyScenario : IExecute<string>
            {
                public string Execute()
                {
                    var xBDD = new xBDDMock();
                    xBDD.CurrentRun.TestRun.Name = "My Test Run";
                    xBDD.CurrentRun
                        .AddScenario("My Scenario", "My Feature", "My.Area.Path")
                        .Run();
                    return xBDD.CurrentRun.TestRun.WriteToText();
                }
            }
        }
    the method is executed
    the test results written should match the template:
        My Test Run

        My.Area.Path
        	My Feature
        		My Scenario
]]></output>
      </test>
      <test name="xBDD.Reporting.Test.Features.ViewTextReport.WriteToText.WriteSkippedScenarioWithSteps" type="xBDD.Reporting.Test.Features.ViewTextReport.WriteToText" method="WriteSkippedScenarioWithSteps" time="0.0009232" result="Pass">
        <output><![CDATA[Write Skipped Scenario With Steps
    the following method
        using xBDD.Test;
        namespace xBDD.Reporting.Test.Features.ViewTextReport.WriteToTextScenarios
        {
            public class SkippedScenarioWithSteps : IExecute<string>
            {
                public string Execute()
                {
                    var xBDD = new xBDDMock();
                    xBDD.CurrentRun.TestRun.Name = "My Test Run";
                    try
                    {
                        xBDD.CurrentRun
                            .AddScenario("My Scenario", "My Feature", "My.Area.Path")
                            .Given(xBDD.CreateStep("my starting condition"))
                            .When(xBDD.CreateStep("my action"))
                            .Then(xBDD.CreateStep("my ending condition"))
                            .Skip("Deferred");
                    }
                    catch { }
                    return xBDD.CurrentRun.TestRun.WriteToText();
                }
            }
        }
    the method is executed
    the test results written should match the template:
        My Test Run

        My.Area.Path
        	My Feature
        		My Scenario [Skipped - Deferred]
        			Given my starting condition
        			When my action
        			Then my ending condition
]]></output>
      </test>
      <test name="xBDD.Reporting.Test.Features.ViewTextReport.WriteToText.WriteRunScenarioWithNotImplementedStep" type="xBDD.Reporting.Test.Features.ViewTextReport.WriteToText" method="WriteRunScenarioWithNotImplementedStep" time="0.0012939" result="Pass">
        <output><![CDATA[Write Run Scenario With Not Implemented Step
    the following method
        using System;
        using xBDD.Test;
        namespace xBDD.Reporting.Test.Features.ViewTextReport.WriteToTextScenarios
        {
            public class RunScenarioWithNotImplementedStep : IExecute<string>
            {
                public string Execute()
                {
                    var xBDD = new xBDDMock();
                    xBDD.CurrentRun.TestRun.Name = "My Test Run";
                    try
                    {
                        xBDD.CurrentRun
                            .AddScenario("My Scenario", "My Feature", "My.Area.Path")
                            .Given(xBDD.CreateStep("my starting condition"))
                            .When(xBDD.CreateStep("my action", (s) => { throw new NotImplementedException(); }))
                            .Then(xBDD.CreateStep("my ending condition"))
                            .Run();
                    }
                    catch { }
                    return xBDD.CurrentRun.TestRun.WriteToText();
                }
            }
        }
    the method is executed
    the test results written should match the template:
        My Test Run

        My.Area.Path
        	My Feature
        		My Scenario [Failed - Step Not Implemented]
        			Given my starting condition
        			When my action [Failed - Not Implemented]
        			Then my ending condition [Skipped - Previous Error]
]]></output>
      </test>
      <test name="xBDD.Reporting.Test.Features.ViewTextReport.WriteToText.WriteRunMultipleScenariosSameFeature" type="xBDD.Reporting.Test.Features.ViewTextReport.WriteToText" method="WriteRunMultipleScenariosSameFeature" time="0.0007799" result="Pass">
        <output><![CDATA[Write Run Multiple Scenarios Same Feature
    the following method
        using xBDD.Test;
        namespace xBDD.Reporting.Test.Features.ViewTextReport.WriteToTextScenarios
        {
            public class RunMultipleScenariosSameFeature : IExecute<string>
            {
                public string Execute()
                {
                    var xBDD = new xBDDMock();
                    xBDD.CurrentRun.TestRun.Name = "My Test Run";
                    try
                    {
                        xBDD.CurrentRun
                            .AddScenario("My Scenario One", "My Feature", "My.Area.Path")
                            .Given(xBDD.CreateStep("my starting condition"))
                            .When(xBDD.CreateStep("my action"))
                            .Then(xBDD.CreateStep("my ending condition"))
                            .Run();
                        xBDD.CurrentRun
                            .AddScenario("My Scenario Two", "My Feature", "My.Area.Path")
                            .Given(xBDD.CreateStep("my starting condition"))
                            .When(xBDD.CreateStep("my action"))
                            .Then(xBDD.CreateStep("my ending condition"))
                            .Run();
                    }
                    catch { }
                    return xBDD.CurrentRun.TestRun.WriteToText();
                }
            }
        }
    the method is executed
    the test results written should match the template:
        My Test Run

        My.Area.Path
        	My Feature
        		My Scenario One
        			Given my starting condition
        			When my action
        			Then my ending condition
        		My Scenario Two
        			Given my starting condition
        			When my action
        			Then my ending condition
]]></output>
      </test>
      <test name="xBDD.Reporting.Test.Features.ViewTextReport.WriteToText.WriteSkippedEmptyScenario" type="xBDD.Reporting.Test.Features.ViewTextReport.WriteToText" method="WriteSkippedEmptyScenario" time="0.0005378" result="Pass">
        <output><![CDATA[Write Skipped Empty Scenario
    the following method
        using xBDD.Test;
        namespace xBDD.Reporting.Test.Features.ViewTextReport.WriteToTextScenarios
        {
            public class SkippedEmptyScenario : IExecute<string>
            {
                public string Execute()
                {
                    var xBDD = new xBDDMock();
                    xBDD.CurrentRun.TestRun.Name = "My Test Run";
                    try
                    {
                        xBDD.CurrentRun
                            .AddScenario("My Scenario", "My Feature", "My.Area.Path")
                            .Skip("Deferred");
                    }
                    catch { }
                    return xBDD.CurrentRun.TestRun.WriteToText();
                }
            }
        }
    the method is executed
    the test results written should match the template:
        My Test Run

        My.Area.Path
        	My Feature
        		My Scenario [Skipped - Deferred]
]]></output>
      </test>
      <test name="xBDD.Reporting.Test.Features.ViewTextReport.WriteToText.WriteRunScenarioWithStepWithMultilineParameter" type="xBDD.Reporting.Test.Features.ViewTextReport.WriteToText" method="WriteRunScenarioWithStepWithMultilineParameter" time="0.0009806" result="Pass">
        <output><![CDATA[Write Run Scenario With Step With Multiline Parameter
    the following method
        using xBDD.Test;
        namespace xBDD.Reporting.Test.Features.ViewTextReport.WriteToTextScenarios
        {
            public class RunScenarioWithStepWithMultilineParameter : IExecute<string>
            {
                public string Execute()
                {
                    var xBDD = new xBDDMock();
                    xBDD.CurrentRun.TestRun.Name = "My Test Run";
                    xBDD.CurrentRun
                        .AddScenario("My Scenario", "My Feature", "My.Area.Path")
                        .Given(xBDD.CreateStep("my starting condition with the following", (s) => { }, "My\r\nmultiline\r\nparameter"))
                        .When(xBDD.CreateStep("my action"))
                        .Then(xBDD.CreateStep("my ending condition"))
                        .Run();
                    return xBDD.CurrentRun.TestRun.WriteToText();
                }
            }
        }
    the method is executed
    the test results written should match the template:
        My Test Run

        My.Area.Path
        	My Feature
        		My Scenario
        			Given my starting condition with the following
        				My
        				multiline
        				parameter
        			When my action
        			Then my ending condition
]]></output>
      </test>
      <test name="xBDD.Reporting.Test.Features.ViewTextReport.WriteToText.WriteRunMultipleFeaturesSameArea" type="xBDD.Reporting.Test.Features.ViewTextReport.WriteToText" method="WriteRunMultipleFeaturesSameArea" time="0.0009248" result="Pass">
        <output><![CDATA[Write Run Multiple Features Same Area
    the following method
        using xBDD.Test;
        namespace xBDD.Reporting.Test.Features.ViewTextReport.WriteToTextScenarios
        {
            public class RunMultipleFeaturesSameArea : IExecute<string>
            {
                public string Execute()
                {
                    var xBDD = new xBDDMock();
                    xBDD.CurrentRun.TestRun.Name = "My Test Run";
                    try
                    {
                        xBDD.CurrentRun
                            .AddScenario("My Scenario One", "My Feature One", "My.Area.Path")
                            .Given(xBDD.CreateStep("my starting condition"))
                            .When(xBDD.CreateStep("my action"))
                            .Then(xBDD.CreateStep("my ending condition"))
                            .Run();
                        xBDD.CurrentRun
                            .AddScenario("My Scenario Two", "My Feature One", "My.Area.Path")
                            .Given(xBDD.CreateStep("my starting condition"))
                            .When(xBDD.CreateStep("my action"))
                            .Then(xBDD.CreateStep("my ending condition"))
                            .Run();
                        xBDD.CurrentRun
                            .AddScenario("My Scenario One", "My Feature Two", "My.Area.Path")
                            .Given(xBDD.CreateStep("my starting condition"))
                            .When(xBDD.CreateStep("my action"))
                            .Then(xBDD.CreateStep("my ending condition"))
                            .Run();
                        xBDD.CurrentRun
                            .AddScenario("My Scenario Two", "My Feature Two", "My.Area.Path")
                            .Given(xBDD.CreateStep("my starting condition"))
                            .When(xBDD.CreateStep("my action"))
                            .Then(xBDD.CreateStep("my ending condition"))
                            .Run();
                    }
                    catch { }
                    return xBDD.CurrentRun.TestRun.WriteToText();
                }
            }
        }
    the method is executed
    the test results written should match the template:
        My Test Run

        My.Area.Path
        	My Feature One
        		My Scenario One
        			Given my starting condition
        			When my action
        			Then my ending condition
        		My Scenario Two
        			Given my starting condition
        			When my action
        			Then my ending condition
        	My Feature Two
        		My Scenario One
        			Given my starting condition
        			When my action
        			Then my ending condition
        		My Scenario Two
        			Given my starting condition
        			When my action
        			Then my ending condition
]]></output>
      </test>
      <test name="xBDD.Reporting.Test.Features.ViewTextReport.WriteToText.WriteRunScenarioWithSkippedStep" type="xBDD.Reporting.Test.Features.ViewTextReport.WriteToText" method="WriteRunScenarioWithSkippedStep" time="0.0011057" result="Pass">
        <output><![CDATA[Write Run Scenario With Skipped Step
    the following method
        using xBDD.Test;
        namespace xBDD.Reporting.Test.Features.ViewTextReport.WriteToTextScenarios
        {
            public class RunScenarioWithSkippedStep : IExecute<string>
            {
                public string Execute()
                {
                    var xBDD = new xBDDMock();
                    xBDD.CurrentRun.TestRun.Name = "My Test Run";
                    try
                    {
                        xBDD.CurrentRun
                            .AddScenario("My Scenario", "My Feature", "My.Area.Path")
                            .Given(xBDD.CreateStep("my starting condition"))
                            .When(xBDD.CreateStep("my action", (s) => { throw new SkipStepException("Deferred"); }))
                            .Then(xBDD.CreateStep("my ending condition"))
                            .Run();
                    }
                    catch { }
                    return xBDD.CurrentRun.TestRun.WriteToText();
                }
            }
        }
    the method is executed
    the test results written should match the template:
        My Test Run

        My.Area.Path
        	My Feature
        		My Scenario [Failed - Step Skipped]
        			Given my starting condition
        			When my action [Skipped - Deferred]
        			Then my ending condition [Skipped - Previous Error]
]]></output>
      </test>
      <test name="xBDD.Reporting.Test.Features.ViewHtmlReport.WriteToHtml.StandardFullReport" type="xBDD.Reporting.Test.Features.ViewHtmlReport.WriteToHtml" method="StandardFullReport" time="0.0008549" result="Fail">
        <failure exception-type="xBDD.StepNotImplementedException">
          <message><![CDATA[xBDD.StepNotImplementedException : The 'a completed test run' step is not implemented.
---- System.NotImplementedException : The method or operation is not implemented.]]></message>
          <stack-trace><![CDATA[   at xBDD.Core.ScenarioRunner.Run(Boolean passWhenNoAction) in c:\users\stearm01\source\repos\xbdd\xbdd\src\xBDD.Core\Core\ScenarioRunner.cs:line 83
   at xBDD.Core.ScenarioBuilder.Run() in c:\users\stearm01\source\repos\xbdd\xbdd\src\xBDD.Core\Core\ScenarioBuilder.cs:line 141
   at xBDD.Reporting.Test.Features.ViewHtmlReport.WriteToHtml.StandardFullReport() in c:\users\stearm01\source\repos\xbdd\xbdd\test\xBDD.Reporting.Test\Features\ViewHtmlReport\WriteToHtml.cs:line 21
----- Inner Stack Trace -----
]]></stack-trace>
        </failure>
      </test>
      <test name="xBDD.Reporting.Test.Features.ViewHtmlReport.ViewResults.ViewArea.Passing" type="xBDD.Reporting.Test.Features.ViewHtmlReport.ViewResults.ViewArea" method="Passing" time="0.0001903" result="Pass" />
      <test name="xBDD.Reporting.Test.Features.ViewHtmlReport.ViewResults.ViewArea.Mulitple" type="xBDD.Reporting.Test.Features.ViewHtmlReport.ViewResults.ViewArea" method="Mulitple" time="0.0001063" result="Pass" />
      <test name="xBDD.Reporting.Test.Features.ViewHtmlReport.ViewResults.ViewArea.Failing" type="xBDD.Reporting.Test.Features.ViewHtmlReport.ViewResults.ViewArea" method="Failing" time="0.0000995" result="Pass" />
      <test name="xBDD.Reporting.Test.Features.ViewHtmlReport.ViewResults.ViewArea.Single" type="xBDD.Reporting.Test.Features.ViewHtmlReport.ViewResults.ViewArea" method="Single" time="2.6246354" result="Fail">
        <failure exception-type="xBDD.StepException">
          <message><![CDATA[xBDD.StepException : The step 'the features under the area will be collapsed because it passed' threw a 'FileLoadException' exception with a message: 'Could not load file or assembly 'xBDD.Browser, Version=1.0.0.0, Culture=neutral, PublicKeyToken=null' or one of its dependencies. General Exception (Exception from HRESULT: 0x80131500)'. See the inner exception for details.
---- System.IO.FileLoadException : Could not load file or assembly 'xBDD.Browser, Version=1.0.0.0, Culture=neutral, PublicKeyToken=null' or one of its dependencies. General Exception (Exception from HRESULT: 0x80131500)
-------- Microsoft.Dnx.Compilation.CSharp.RoslynCompilationException : c:\users\stearm01\source\repos\xbdd\xbdd\src\xBDD.Browser\IPageObject.cs(7,4): DNX,Version=v4.5.1 error CS0246: The type or namespace name 'IWebDriver' could not be found (are you missing a using directive or an assembly reference?)]]></message>
          <stack-trace><![CDATA[   at xBDD.Core.StepExceptionHandler.ProcessException(StepExecutor stepExecutor, Step step, Exception ex) in c:\users\stearm01\source\repos\xbdd\xbdd\src\xBDD.Core\Core\StepExceptionHandler.cs:line 63
   at xBDD.Core.StepExceptionHandler.HandleException(StepExecutor stepExecutor, Step step, Exception ex) in c:\users\stearm01\source\repos\xbdd\xbdd\src\xBDD.Core\Core\StepExceptionHandler.cs:line 29
   at xBDD.Core.StepExecutor.<ExecuteStepAsync>d__4.MoveNext() in c:\users\stearm01\source\repos\xbdd\xbdd\src\xBDD.Core\Core\StepExecutor.cs:line 35
--- End of stack trace from previous location where exception was thrown ---
   at System.Runtime.CompilerServices.TaskAwaiter.ThrowForNonSuccess(Task task)
   at System.Runtime.CompilerServices.TaskAwaiter.HandleNonSuccessAndDebuggerNotification(Task task)
   at System.Runtime.CompilerServices.TaskAwaiter.GetResult()
   at xBDD.Core.ScenarioRunner.<RunAsync>d__8.MoveNext() in c:\users\stearm01\source\repos\xbdd\xbdd\src\xBDD.Core\Core\ScenarioRunner.cs:line 136
--- End of stack trace from previous location where exception was thrown ---
   at System.Runtime.CompilerServices.TaskAwaiter.ThrowForNonSuccess(Task task)
   at System.Runtime.CompilerServices.TaskAwaiter.HandleNonSuccessAndDebuggerNotification(Task task)
   at System.Runtime.CompilerServices.TaskAwaiter.GetResult()
   at xBDD.Core.ScenarioBuilder.<RunAsync>d__22.MoveNext() in c:\users\stearm01\source\repos\xbdd\xbdd\src\xBDD.Core\Core\ScenarioBuilder.cs:line 149
--- End of stack trace from previous location where exception was thrown ---
   at System.Runtime.CompilerServices.TaskAwaiter.ThrowForNonSuccess(Task task)
   at System.Runtime.CompilerServices.TaskAwaiter.HandleNonSuccessAndDebuggerNotification(Task task)
   at System.Runtime.CompilerServices.TaskAwaiter.GetResult()
   at xBDD.Reporting.Test.Features.ViewHtmlReport.ViewResults.ViewArea.<Single>d__2.MoveNext() in c:\users\stearm01\source\repos\xbdd\xbdd\test\xBDD.Reporting.Test\Features\ViewHtmlReport\ViewResults\ViewArea.cs:line 28
--- End of stack trace from previous location where exception was thrown ---
   at System.Runtime.CompilerServices.AsyncMethodBuilderCore.<>c__DisplayClass2.<ThrowAsync>b__3(Object state)
----- Inner Stack Trace -----
   at xBDD.Reporting.Test.Features.ViewHtmlReport.ViewResults.ViewArea.<>c__DisplayClass2_0.<<Single>b__1>d.MoveNext()
   at System.Runtime.CompilerServices.AsyncTaskMethodBuilder.Start[TStateMachine](TStateMachine& stateMachine)
   at xBDD.Reporting.Test.Features.ViewHtmlReport.ViewResults.ViewArea.<>c__DisplayClass2_0.<Single>b__1(Step s)
   at xBDD.Core.StepExecutor.<ExecuteStepAsync>d__4.MoveNext() in c:\users\stearm01\source\repos\xbdd\xbdd\src\xBDD.Core\Core\StepExecutor.cs:line 29
----- Inner Stack Trace -----
   at Microsoft.Dnx.Compilation.CSharp.RoslynProjectReference.Load(IAssemblyLoadContext loadContext)
   at Microsoft.Dnx.Compilation.CompilationEngine.LoadProject(Project project, String aspect, IAssemblyLoadContext loadContext)
   at Microsoft.Dnx.Runtime.Loader.ProjectAssemblyLoader.Load(AssemblyName assemblyName, IAssemblyLoadContext loadContext)
   at Microsoft.Dnx.Runtime.Loader.ProjectAssemblyLoader.Load(AssemblyName assemblyName)
   at Microsoft.Dnx.Host.LoaderContainer.Load(AssemblyName assemblyName)
   at Microsoft.Dnx.Host.DefaultLoadContext.LoadAssembly(AssemblyName assemblyName)
   at Microsoft.Dnx.Runtime.Loader.AssemblyLoaderCache.GetOrAdd(AssemblyName name, Func`2 factory)
   at Microsoft.Dnx.Runtime.Loader.LoadContext.LoadAssemblyImpl(AssemblyName assemblyName)
   at Microsoft.Dnx.Runtime.Loader.LoadContext.TryLoadAssembly(LoadContext context, AssemblyName assemblyName, Assembly& assembly)
   at Microsoft.Dnx.Runtime.Loader.LoadContext.ResolveAssembly(Object sender, ResolveEventArgs args)
   at System.AppDomain.OnAssemblyResolveEvent(RuntimeAssembly assembly, String assemblyFullName)]]></stack-trace>
        </failure>
      </test>
      <test name="xBDD.Reporting.Test.Features.ViewHtmlReport.ViewResults.ViewArea.Skipped" type="xBDD.Reporting.Test.Features.ViewHtmlReport.ViewResults.ViewArea" method="Skipped" time="0.0002725" result="Pass" />
      <test name="xBDD.Reporting.Test.Features.ViewHtmlReport.ViewResults.ViewFailureOnly.SingleScenario" type="xBDD.Reporting.Test.Features.ViewHtmlReport.ViewResults.ViewFailureOnly" method="SingleScenario" time="0.0005784" result="Pass" />
      <test name="xBDD.Reporting.Test.Features.ViewHtmlReport.ViewResults.ViewFailureOnly.SingleAreaMultipleFeatures" type="xBDD.Reporting.Test.Features.ViewHtmlReport.ViewResults.ViewFailureOnly" method="SingleAreaMultipleFeatures" time="0.0001927" result="Pass" />
      <test name="xBDD.Reporting.Test.Features.ViewHtmlReport.ViewResults.ViewFailureOnly.SingleFeatureMultipleScenarios" type="xBDD.Reporting.Test.Features.ViewHtmlReport.ViewResults.ViewFailureOnly" method="SingleFeatureMultipleScenarios" time="0.0001767" result="Pass" />
      <test name="xBDD.Reporting.Test.Features.ViewHtmlReport.ViewResults.ViewFailureOnly.MultipleAreas" type="xBDD.Reporting.Test.Features.ViewHtmlReport.ViewResults.ViewFailureOnly" method="MultipleAreas" time="0.0001709" result="Pass" />
      <test name="xBDD.Reporting.Test.Features.ViewHtmlReport.ViewResults.ViewFeature.Description" type="xBDD.Reporting.Test.Features.ViewHtmlReport.ViewResults.ViewFeature" method="Description" time="0.0004291" result="Pass" />
      <test name="xBDD.Reporting.Test.Features.ViewHtmlReport.ViewResults.ViewFeature.Skipped" type="xBDD.Reporting.Test.Features.ViewHtmlReport.ViewResults.ViewFeature" method="Skipped" time="0.0001075" result="Pass" />
      <test name="xBDD.Reporting.Test.Features.ViewHtmlReport.ViewResults.ViewFeature.Failing" type="xBDD.Reporting.Test.Features.ViewHtmlReport.ViewResults.ViewFeature" method="Failing" time="0.0001588" result="Pass" />
      <test name="xBDD.Reporting.Test.Features.ViewHtmlReport.ViewResults.ViewFeature.Name" type="xBDD.Reporting.Test.Features.ViewHtmlReport.ViewResults.ViewFeature" method="Name" time="0.0001429" result="Pass" />
      <test name="xBDD.Reporting.Test.Features.ViewHtmlReport.ViewResults.ViewFeature.Passing" type="xBDD.Reporting.Test.Features.ViewHtmlReport.ViewResults.ViewFeature" method="Passing" time="0.0960895" result="Fail">
        <failure exception-type="xBDD.StepException">
          <message><![CDATA[xBDD.StepException : The step 'the user expands the first area' threw a 'RoslynCompilationException' exception with a message: 'c:\users\stearm01\source\repos\xbdd\xbdd\src\xBDD.Browser\IPageObject.cs(7,4): DNX,Version=v4.5.1 error CS0246: The type or namespace name 'IWebDriver' could not be found (are you missing a using directive or an assembly reference?)'. See the inner exception for details.
---- Microsoft.Dnx.Compilation.CSharp.RoslynCompilationException : c:\users\stearm01\source\repos\xbdd\xbdd\src\xBDD.Browser\IPageObject.cs(7,4): DNX,Version=v4.5.1 error CS0246: The type or namespace name 'IWebDriver' could not be found (are you missing a using directive or an assembly reference?)]]></message>
          <stack-trace><![CDATA[   at xBDD.Core.StepExceptionHandler.ProcessException(StepExecutor stepExecutor, Step step, Exception ex) in c:\users\stearm01\source\repos\xbdd\xbdd\src\xBDD.Core\Core\StepExceptionHandler.cs:line 63
   at xBDD.Core.StepExceptionHandler.HandleException(StepExecutor stepExecutor, Step step, Exception ex) in c:\users\stearm01\source\repos\xbdd\xbdd\src\xBDD.Core\Core\StepExceptionHandler.cs:line 29
   at xBDD.Core.StepExecutor.<ExecuteStepAsync>d__4.MoveNext() in c:\users\stearm01\source\repos\xbdd\xbdd\src\xBDD.Core\Core\StepExecutor.cs:line 35
--- End of stack trace from previous location where exception was thrown ---
   at System.Runtime.CompilerServices.TaskAwaiter.ThrowForNonSuccess(Task task)
   at System.Runtime.CompilerServices.TaskAwaiter.HandleNonSuccessAndDebuggerNotification(Task task)
   at System.Runtime.CompilerServices.TaskAwaiter.GetResult()
   at xBDD.Core.ScenarioRunner.<RunAsync>d__8.MoveNext() in c:\users\stearm01\source\repos\xbdd\xbdd\src\xBDD.Core\Core\ScenarioRunner.cs:line 136
--- End of stack trace from previous location where exception was thrown ---
   at System.Runtime.CompilerServices.TaskAwaiter.ThrowForNonSuccess(Task task)
   at System.Runtime.CompilerServices.TaskAwaiter.HandleNonSuccessAndDebuggerNotification(Task task)
   at System.Runtime.CompilerServices.TaskAwaiter.GetResult()
   at xBDD.Core.ScenarioBuilder.<RunAsync>d__22.MoveNext() in c:\users\stearm01\source\repos\xbdd\xbdd\src\xBDD.Core\Core\ScenarioBuilder.cs:line 149
--- End of stack trace from previous location where exception was thrown ---
   at System.Runtime.CompilerServices.TaskAwaiter.ThrowForNonSuccess(Task task)
   at System.Runtime.CompilerServices.TaskAwaiter.HandleNonSuccessAndDebuggerNotification(Task task)
   at System.Runtime.CompilerServices.TaskAwaiter.GetResult()
   at xBDD.Reporting.Test.Features.ViewHtmlReport.ViewResults.ViewFeature.<Passing>d__4.MoveNext() in c:\users\stearm01\source\repos\xbdd\xbdd\test\xBDD.Reporting.Test\Features\ViewHtmlReport\ViewResults\ViewFeature.cs:line 36
--- End of stack trace from previous location where exception was thrown ---
   at System.Runtime.CompilerServices.AsyncMethodBuilderCore.<>c__DisplayClass2.<ThrowAsync>b__3(Object state)
----- Inner Stack Trace -----
   at xBDD.Reporting.Test.Features.ViewHtmlReport.ViewResults.ViewFeature.<>c__DisplayClass4_0.<<Passing>b__0>d.MoveNext()
   at System.Runtime.CompilerServices.AsyncTaskMethodBuilder.Start[TStateMachine](TStateMachine& stateMachine)
   at xBDD.Reporting.Test.Features.ViewHtmlReport.ViewResults.ViewFeature.<>c__DisplayClass4_0.<Passing>b__0(Step s)
   at xBDD.Core.StepExecutor.<ExecuteStepAsync>d__4.MoveNext() in c:\users\stearm01\source\repos\xbdd\xbdd\src\xBDD.Core\Core\StepExecutor.cs:line 29]]></stack-trace>
        </failure>
      </test>
      <test name="xBDD.Reporting.Test.Features.ViewHtmlReport.ViewResults.ViewScenario.Skipped" type="xBDD.Reporting.Test.Features.ViewHtmlReport.ViewResults.ViewScenario" method="Skipped" time="0.0004842" result="Pass" />
      <test name="xBDD.Reporting.Test.Features.ViewHtmlReport.ViewResults.ViewScenario.Failing" type="xBDD.Reporting.Test.Features.ViewHtmlReport.ViewResults.ViewScenario" method="Failing" time="0.0001106" result="Pass" />
      <test name="xBDD.Reporting.Test.Features.ViewHtmlReport.ViewResults.ViewScenario.Name" type="xBDD.Reporting.Test.Features.ViewHtmlReport.ViewResults.ViewScenario" method="Name" time="0.0001128" result="Pass" />
      <test name="xBDD.Reporting.Test.Features.ViewHtmlReport.ViewResults.ViewScenario.Passing" type="xBDD.Reporting.Test.Features.ViewHtmlReport.ViewResults.ViewScenario" method="Passing" time="0.0848151" result="Fail">
        <failure exception-type="xBDD.StepException">
          <message><![CDATA[xBDD.StepException : The step 'the user expands the first area' threw a 'RoslynCompilationException' exception with a message: 'c:\users\stearm01\source\repos\xbdd\xbdd\src\xBDD.Browser\IPageObject.cs(7,4): DNX,Version=v4.5.1 error CS0246: The type or namespace name 'IWebDriver' could not be found (are you missing a using directive or an assembly reference?)'. See the inner exception for details.
---- Microsoft.Dnx.Compilation.CSharp.RoslynCompilationException : c:\users\stearm01\source\repos\xbdd\xbdd\src\xBDD.Browser\IPageObject.cs(7,4): DNX,Version=v4.5.1 error CS0246: The type or namespace name 'IWebDriver' could not be found (are you missing a using directive or an assembly reference?)]]></message>
          <stack-trace><![CDATA[   at xBDD.Core.StepExceptionHandler.ProcessException(StepExecutor stepExecutor, Step step, Exception ex) in c:\users\stearm01\source\repos\xbdd\xbdd\src\xBDD.Core\Core\StepExceptionHandler.cs:line 63
   at xBDD.Core.StepExceptionHandler.HandleException(StepExecutor stepExecutor, Step step, Exception ex) in c:\users\stearm01\source\repos\xbdd\xbdd\src\xBDD.Core\Core\StepExceptionHandler.cs:line 29
   at xBDD.Core.StepExecutor.<ExecuteStepAsync>d__4.MoveNext() in c:\users\stearm01\source\repos\xbdd\xbdd\src\xBDD.Core\Core\StepExecutor.cs:line 35
--- End of stack trace from previous location where exception was thrown ---
   at System.Runtime.CompilerServices.TaskAwaiter.ThrowForNonSuccess(Task task)
   at System.Runtime.CompilerServices.TaskAwaiter.HandleNonSuccessAndDebuggerNotification(Task task)
   at System.Runtime.CompilerServices.TaskAwaiter.GetResult()
   at xBDD.Core.ScenarioRunner.<RunAsync>d__8.MoveNext() in c:\users\stearm01\source\repos\xbdd\xbdd\src\xBDD.Core\Core\ScenarioRunner.cs:line 136
--- End of stack trace from previous location where exception was thrown ---
   at System.Runtime.CompilerServices.TaskAwaiter.ThrowForNonSuccess(Task task)
   at System.Runtime.CompilerServices.TaskAwaiter.HandleNonSuccessAndDebuggerNotification(Task task)
   at System.Runtime.CompilerServices.TaskAwaiter.GetResult()
   at xBDD.Core.ScenarioBuilder.<RunAsync>d__22.MoveNext() in c:\users\stearm01\source\repos\xbdd\xbdd\src\xBDD.Core\Core\ScenarioBuilder.cs:line 149
--- End of stack trace from previous location where exception was thrown ---
   at System.Runtime.CompilerServices.TaskAwaiter.ThrowForNonSuccess(Task task)
   at System.Runtime.CompilerServices.TaskAwaiter.HandleNonSuccessAndDebuggerNotification(Task task)
   at System.Runtime.CompilerServices.TaskAwaiter.GetResult()
   at xBDD.Reporting.Test.Features.ViewHtmlReport.ViewResults.ViewScenario.<Passing>d__4.MoveNext() in c:\users\stearm01\source\repos\xbdd\xbdd\test\xBDD.Reporting.Test\Features\ViewHtmlReport\ViewResults\ViewScenario.cs:line 36
--- End of stack trace from previous location where exception was thrown ---
   at System.Runtime.CompilerServices.AsyncMethodBuilderCore.<>c__DisplayClass2.<ThrowAsync>b__3(Object state)
----- Inner Stack Trace -----
   at xBDD.Reporting.Test.Features.ViewHtmlReport.ViewResults.ViewScenario.<>c__DisplayClass4_0.<<Passing>b__0>d.MoveNext()
   at System.Runtime.CompilerServices.AsyncTaskMethodBuilder.Start[TStateMachine](TStateMachine& stateMachine)
   at xBDD.Reporting.Test.Features.ViewHtmlReport.ViewResults.ViewScenario.<>c__DisplayClass4_0.<Passing>b__0(Step s)
   at xBDD.Core.StepExecutor.<ExecuteStepAsync>d__4.MoveNext() in c:\users\stearm01\source\repos\xbdd\xbdd\src\xBDD.Core\Core\StepExecutor.cs:line 29]]></stack-trace>
        </failure>
      </test>
      <test name="xBDD.Reporting.Test.Features.ViewHtmlReport.ViewResults.ViewScenario.Description" type="xBDD.Reporting.Test.Features.ViewHtmlReport.ViewResults.ViewScenario" method="Description" time="0.0004401" result="Pass" />
      <test name="xBDD.Reporting.Test.Features.ViewHtmlReport.ViewResults.ViewStep.Single" type="xBDD.Reporting.Test.Features.ViewHtmlReport.ViewResults.ViewStep" method="Single" time="0.0002846" result="Pass" />
      <test name="xBDD.Reporting.Test.Features.ViewHtmlReport.ViewResults.ViewStep.Mulitple" type="xBDD.Reporting.Test.Features.ViewHtmlReport.ViewResults.ViewStep" method="Mulitple" time="0.0001269" result="Pass" />
      <test name="xBDD.Reporting.Test.Features.ViewHtmlReport.ViewResults.ViewStep.WithInnerException" type="xBDD.Reporting.Test.Features.ViewHtmlReport.ViewResults.ViewStep" method="WithInnerException" time="0.4579979" result="Pass" />
      <test name="xBDD.Reporting.Test.Features.ViewHtmlReport.ViewResults.ViewStep.WithException" type="xBDD.Reporting.Test.Features.ViewHtmlReport.ViewResults.ViewStep" method="WithException" time="0.3331197" result="Pass" />
      <test name="xBDD.Reporting.Test.Features.ViewHtmlReport.ViewResults.ViewStep.Passing" type="xBDD.Reporting.Test.Features.ViewHtmlReport.ViewResults.ViewStep" method="Passing" time="0.0002424" result="Pass" />
      <test name="xBDD.Reporting.Test.Features.ViewHtmlReport.ViewResults.ViewStep.Failing" type="xBDD.Reporting.Test.Features.ViewHtmlReport.ViewResults.ViewStep" method="Failing" time="0.0001227" result="Pass" />
      <test name="xBDD.Reporting.Test.Features.ViewHtmlReport.ViewResults.ViewStep.Skipped" type="xBDD.Reporting.Test.Features.ViewHtmlReport.ViewResults.ViewStep" method="Skipped" time="0.0001197" result="Pass" />
      <test name="xBDD.Reporting.Test.Features.ViewHtmlReport.ViewResults.ViewStepOutput.HtmlWithPreview" type="xBDD.Reporting.Test.Features.ViewHtmlReport.ViewResults.ViewStepOutput" method="HtmlWithPreview" time="0.0009206" result="Pass" />
      <test name="xBDD.Reporting.Test.Features.ViewHtmlReport.ViewResults.ViewStepOutput.Code" type="xBDD.Reporting.Test.Features.ViewHtmlReport.ViewResults.ViewStepOutput" method="Code" time="0.0003222" result="Pass" />
      <test name="xBDD.Reporting.Test.Features.ViewHtmlReport.ViewResults.ViewStepOutput.CollapsedByDefault" type="xBDD.Reporting.Test.Features.ViewHtmlReport.ViewResults.ViewStepOutput" method="CollapsedByDefault" time="0.0555988" result="Fail">
        <failure exception-type="xBDD.StepException">
          <message><![CDATA[xBDD.StepException : The step 'the user clicks the first area' threw a 'RoslynCompilationException' exception with a message: 'c:\users\stearm01\source\repos\xbdd\xbdd\src\xBDD.Browser\IPageObject.cs(7,4): DNX,Version=v4.5.1 error CS0246: The type or namespace name 'IWebDriver' could not be found (are you missing a using directive or an assembly reference?)'. See the inner exception for details.
---- Microsoft.Dnx.Compilation.CSharp.RoslynCompilationException : c:\users\stearm01\source\repos\xbdd\xbdd\src\xBDD.Browser\IPageObject.cs(7,4): DNX,Version=v4.5.1 error CS0246: The type or namespace name 'IWebDriver' could not be found (are you missing a using directive or an assembly reference?)]]></message>
          <stack-trace><![CDATA[   at xBDD.Core.StepExceptionHandler.ProcessException(StepExecutor stepExecutor, Step step, Exception ex) in c:\users\stearm01\source\repos\xbdd\xbdd\src\xBDD.Core\Core\StepExceptionHandler.cs:line 63
   at xBDD.Core.StepExceptionHandler.HandleException(StepExecutor stepExecutor, Step step, Exception ex) in c:\users\stearm01\source\repos\xbdd\xbdd\src\xBDD.Core\Core\StepExceptionHandler.cs:line 29
   at xBDD.Core.StepExecutor.<ExecuteStepAsync>d__4.MoveNext() in c:\users\stearm01\source\repos\xbdd\xbdd\src\xBDD.Core\Core\StepExecutor.cs:line 35
--- End of stack trace from previous location where exception was thrown ---
   at System.Runtime.CompilerServices.TaskAwaiter.ThrowForNonSuccess(Task task)
   at System.Runtime.CompilerServices.TaskAwaiter.HandleNonSuccessAndDebuggerNotification(Task task)
   at System.Runtime.CompilerServices.TaskAwaiter.GetResult()
   at xBDD.Core.ScenarioRunner.<RunAsync>d__8.MoveNext() in c:\users\stearm01\source\repos\xbdd\xbdd\src\xBDD.Core\Core\ScenarioRunner.cs:line 136
--- End of stack trace from previous location where exception was thrown ---
   at System.Runtime.CompilerServices.TaskAwaiter.ThrowForNonSuccess(Task task)
   at System.Runtime.CompilerServices.TaskAwaiter.HandleNonSuccessAndDebuggerNotification(Task task)
   at System.Runtime.CompilerServices.TaskAwaiter.GetResult()
   at xBDD.Core.ScenarioBuilder.<RunAsync>d__22.MoveNext() in c:\users\stearm01\source\repos\xbdd\xbdd\src\xBDD.Core\Core\ScenarioBuilder.cs:line 149
--- End of stack trace from previous location where exception was thrown ---
   at System.Runtime.CompilerServices.TaskAwaiter.ThrowForNonSuccess(Task task)
   at System.Runtime.CompilerServices.TaskAwaiter.HandleNonSuccessAndDebuggerNotification(Task task)
   at System.Runtime.CompilerServices.TaskAwaiter.GetResult()
   at xBDD.Reporting.Test.Features.ViewHtmlReport.ViewResults.ViewStepOutput.<CollapsedByDefault>d__2.MoveNext() in c:\users\stearm01\source\repos\xbdd\xbdd\test\xBDD.Reporting.Test\Features\ViewHtmlReport\ViewResults\ViewStepOutput.cs:line 26
--- End of stack trace from previous location where exception was thrown ---
   at System.Runtime.CompilerServices.AsyncMethodBuilderCore.<>c__DisplayClass2.<ThrowAsync>b__3(Object state)
----- Inner Stack Trace -----
   at xBDD.Reporting.Test.Features.ViewHtmlReport.ViewResults.ViewStepOutput.<>c__DisplayClass2_0.<<CollapsedByDefault>b__0>d.MoveNext()
   at System.Runtime.CompilerServices.AsyncTaskMethodBuilder.Start[TStateMachine](TStateMachine& stateMachine)
   at xBDD.Reporting.Test.Features.ViewHtmlReport.ViewResults.ViewStepOutput.<>c__DisplayClass2_0.<CollapsedByDefault>b__0(Step s)
   at xBDD.Core.StepExecutor.<ExecuteStepAsync>d__4.MoveNext() in c:\users\stearm01\source\repos\xbdd\xbdd\src\xBDD.Core\Core\StepExecutor.cs:line 29]]></stack-trace>
        </failure>
      </test>
      <test name="xBDD.Reporting.Test.Features.ViewHtmlReport.ViewResults.ViewStepOutput.GeneralText" type="xBDD.Reporting.Test.Features.ViewHtmlReport.ViewResults.ViewStepOutput" method="GeneralText" time="0.0728521" result="Fail">
        <failure exception-type="xBDD.StepException">
          <message><![CDATA[xBDD.StepException : The step 'the user clicks the first area' threw a 'RoslynCompilationException' exception with a message: 'c:\users\stearm01\source\repos\xbdd\xbdd\src\xBDD.Browser\IPageObject.cs(7,4): DNX,Version=v4.5.1 error CS0246: The type or namespace name 'IWebDriver' could not be found (are you missing a using directive or an assembly reference?)'. See the inner exception for details.
---- Microsoft.Dnx.Compilation.CSharp.RoslynCompilationException : c:\users\stearm01\source\repos\xbdd\xbdd\src\xBDD.Browser\IPageObject.cs(7,4): DNX,Version=v4.5.1 error CS0246: The type or namespace name 'IWebDriver' could not be found (are you missing a using directive or an assembly reference?)]]></message>
          <stack-trace><![CDATA[   at xBDD.Core.StepExceptionHandler.ProcessException(StepExecutor stepExecutor, Step step, Exception ex) in c:\users\stearm01\source\repos\xbdd\xbdd\src\xBDD.Core\Core\StepExceptionHandler.cs:line 63
   at xBDD.Core.StepExceptionHandler.HandleException(StepExecutor stepExecutor, Step step, Exception ex) in c:\users\stearm01\source\repos\xbdd\xbdd\src\xBDD.Core\Core\StepExceptionHandler.cs:line 29
   at xBDD.Core.StepExecutor.<ExecuteStepAsync>d__4.MoveNext() in c:\users\stearm01\source\repos\xbdd\xbdd\src\xBDD.Core\Core\StepExecutor.cs:line 35
--- End of stack trace from previous location where exception was thrown ---
   at System.Runtime.CompilerServices.TaskAwaiter.ThrowForNonSuccess(Task task)
   at System.Runtime.CompilerServices.TaskAwaiter.HandleNonSuccessAndDebuggerNotification(Task task)
   at System.Runtime.CompilerServices.TaskAwaiter.GetResult()
   at xBDD.Core.ScenarioRunner.<RunAsync>d__8.MoveNext() in c:\users\stearm01\source\repos\xbdd\xbdd\src\xBDD.Core\Core\ScenarioRunner.cs:line 136
--- End of stack trace from previous location where exception was thrown ---
   at System.Runtime.CompilerServices.TaskAwaiter.ThrowForNonSuccess(Task task)
   at System.Runtime.CompilerServices.TaskAwaiter.HandleNonSuccessAndDebuggerNotification(Task task)
   at System.Runtime.CompilerServices.TaskAwaiter.GetResult()
   at xBDD.Core.ScenarioBuilder.<RunAsync>d__22.MoveNext() in c:\users\stearm01\source\repos\xbdd\xbdd\src\xBDD.Core\Core\ScenarioBuilder.cs:line 149
--- End of stack trace from previous location where exception was thrown ---
   at System.Runtime.CompilerServices.TaskAwaiter.ThrowForNonSuccess(Task task)
   at System.Runtime.CompilerServices.TaskAwaiter.HandleNonSuccessAndDebuggerNotification(Task task)
   at System.Runtime.CompilerServices.TaskAwaiter.GetResult()
   at xBDD.Reporting.Test.Features.ViewHtmlReport.ViewResults.ViewStepOutput.<GeneralText>d__3.MoveNext() in c:\users\stearm01\source\repos\xbdd\xbdd\test\xBDD.Reporting.Test\Features\ViewHtmlReport\ViewResults\ViewStepOutput.cs:line 55
--- End of stack trace from previous location where exception was thrown ---
   at System.Runtime.CompilerServices.AsyncMethodBuilderCore.<>c__DisplayClass2.<ThrowAsync>b__3(Object state)
----- Inner Stack Trace -----
   at xBDD.Reporting.Test.Features.ViewHtmlReport.ViewResults.ViewStepOutput.<>c__DisplayClass3_0.<<GeneralText>b__0>d.MoveNext()
   at System.Runtime.CompilerServices.AsyncTaskMethodBuilder.Start[TStateMachine](TStateMachine& stateMachine)
   at xBDD.Reporting.Test.Features.ViewHtmlReport.ViewResults.ViewStepOutput.<>c__DisplayClass3_0.<GeneralText>b__0(Step s)
   at xBDD.Core.StepExecutor.<ExecuteStepAsync>d__4.MoveNext() in c:\users\stearm01\source\repos\xbdd\xbdd\src\xBDD.Core\Core\StepExecutor.cs:line 29]]></stack-trace>
        </failure>
      </test>
      <test name="xBDD.Reporting.Test.Features.ViewHtmlReport.ViewResults.ViewTestRun.Failing" type="xBDD.Reporting.Test.Features.ViewHtmlReport.ViewResults.ViewTestRun" method="Failing" time="0.1124472" result="Pass">
        <output><![CDATA[testrun-name text-danger
]]></output>
      </test>
      <test name="xBDD.Reporting.Test.Features.ViewHtmlReport.ViewResults.ViewTestRun.EmptyTestRun" type="xBDD.Reporting.Test.Features.ViewHtmlReport.ViewResults.ViewTestRun" method="EmptyTestRun" time="0.111858" result="Pass">
        <output><![CDATA[testrun-name text-muted
]]></output>
      </test>
      <test name="xBDD.Reporting.Test.Features.ViewHtmlReport.ViewResults.ViewTestRun.PassingTestRun" type="xBDD.Reporting.Test.Features.ViewHtmlReport.ViewResults.ViewTestRun" method="PassingTestRun" time="0.0563401" result="Pass">
        <output><![CDATA[testrun-name text-success
]]></output>
      </test>
      <test name="xBDD.Reporting.Test.Features.ViewHtmlReport.ViewResults.ViewTestRun.PassingWithSomeSkipped" type="xBDD.Reporting.Test.Features.ViewHtmlReport.ViewResults.ViewTestRun" method="PassingWithSomeSkipped" time="0.0755864" result="Pass">
        <output><![CDATA[testrun-name text-warning
]]></output>
      </test>
      <test name="xBDD.Reporting.Test.Features.ViewHtmlReport.ViewResults.ViewAreaStats.FailedSkippedAndPassingScenarioStats" type="xBDD.Reporting.Test.Features.ViewHtmlReport.ViewResults.ViewAreaStats" method="FailedSkippedAndPassingScenarioStats" time="0.0803062" result="Fail">
        <failure exception-type="xBDD.StepException">
          <message><![CDATA[xBDD.StepException : The step 'there should be a section under the area name that displays scenario statistics about the area' threw a 'RoslynCompilationException' exception with a message: 'c:\users\stearm01\source\repos\xbdd\xbdd\src\xBDD.Browser\IPageObject.cs(7,4): DNX,Version=v4.5.1 error CS0246: The type or namespace name 'IWebDriver' could not be found (are you missing a using directive or an assembly reference?)'. See the inner exception for details.
---- Microsoft.Dnx.Compilation.CSharp.RoslynCompilationException : c:\users\stearm01\source\repos\xbdd\xbdd\src\xBDD.Browser\IPageObject.cs(7,4): DNX,Version=v4.5.1 error CS0246: The type or namespace name 'IWebDriver' could not be found (are you missing a using directive or an assembly reference?)]]></message>
          <stack-trace><![CDATA[   at xBDD.Core.StepExceptionHandler.ProcessException(StepExecutor stepExecutor, Step step, Exception ex) in c:\users\stearm01\source\repos\xbdd\xbdd\src\xBDD.Core\Core\StepExceptionHandler.cs:line 63
   at xBDD.Core.StepExceptionHandler.HandleException(StepExecutor stepExecutor, Step step, Exception ex) in c:\users\stearm01\source\repos\xbdd\xbdd\src\xBDD.Core\Core\StepExceptionHandler.cs:line 29
   at xBDD.Core.StepExecutor.<ExecuteStepAsync>d__4.MoveNext() in c:\users\stearm01\source\repos\xbdd\xbdd\src\xBDD.Core\Core\StepExecutor.cs:line 35
--- End of stack trace from previous location where exception was thrown ---
   at System.Runtime.CompilerServices.TaskAwaiter.ThrowForNonSuccess(Task task)
   at System.Runtime.CompilerServices.TaskAwaiter.HandleNonSuccessAndDebuggerNotification(Task task)
   at System.Runtime.CompilerServices.TaskAwaiter.GetResult()
   at xBDD.Core.ScenarioRunner.<RunAsync>d__8.MoveNext() in c:\users\stearm01\source\repos\xbdd\xbdd\src\xBDD.Core\Core\ScenarioRunner.cs:line 136
--- End of stack trace from previous location where exception was thrown ---
   at System.Runtime.CompilerServices.TaskAwaiter.ThrowForNonSuccess(Task task)
   at System.Runtime.CompilerServices.TaskAwaiter.HandleNonSuccessAndDebuggerNotification(Task task)
   at System.Runtime.CompilerServices.TaskAwaiter.GetResult()
   at xBDD.Core.ScenarioBuilder.<RunAsync>d__22.MoveNext() in c:\users\stearm01\source\repos\xbdd\xbdd\src\xBDD.Core\Core\ScenarioBuilder.cs:line 149
--- End of stack trace from previous location where exception was thrown ---
   at System.Runtime.CompilerServices.TaskAwaiter.ThrowForNonSuccess(Task task)
   at System.Runtime.CompilerServices.TaskAwaiter.HandleNonSuccessAndDebuggerNotification(Task task)
   at System.Runtime.CompilerServices.TaskAwaiter.GetResult()
   at xBDD.Reporting.Test.Features.ViewHtmlReport.ViewResults.ViewAreaStats.<FailedSkippedAndPassingScenarioStats>d__3.MoveNext() in c:\users\stearm01\source\repos\xbdd\xbdd\test\xBDD.Reporting.Test\Features\ViewHtmlReport\ViewStats\ViewAreaStats.cs:line 66
--- End of stack trace from previous location where exception was thrown ---
   at System.Runtime.CompilerServices.AsyncMethodBuilderCore.<>c__DisplayClass2.<ThrowAsync>b__3(Object state)
----- Inner Stack Trace -----
   at xBDD.Reporting.Test.Features.ViewHtmlReport.ViewResults.ViewAreaStats.<>c__DisplayClass3_0.<<FailedSkippedAndPassingScenarioStats>b__0>d.MoveNext()
   at System.Runtime.CompilerServices.AsyncTaskMethodBuilder.Start[TStateMachine](TStateMachine& stateMachine)
   at xBDD.Reporting.Test.Features.ViewHtmlReport.ViewResults.ViewAreaStats.<>c__DisplayClass3_0.<FailedSkippedAndPassingScenarioStats>b__0(Step s)
   at xBDD.Core.StepExecutor.<ExecuteStepAsync>d__4.MoveNext() in c:\users\stearm01\source\repos\xbdd\xbdd\src\xBDD.Core\Core\StepExecutor.cs:line 29]]></stack-trace>
        </failure>
      </test>
      <test name="xBDD.Reporting.Test.Features.ViewHtmlReport.ViewResults.ViewAreaStats.FailedSkippedAndPassingFeatureStats" type="xBDD.Reporting.Test.Features.ViewHtmlReport.ViewResults.ViewAreaStats" method="FailedSkippedAndPassingFeatureStats" time="0.1467756" result="Fail">
        <failure exception-type="xBDD.StepException">
          <message><![CDATA[xBDD.StepException : The step 'there should be a section under the area name that displays feature statistics about the area' threw a 'RoslynCompilationException' exception with a message: 'c:\users\stearm01\source\repos\xbdd\xbdd\src\xBDD.Browser\IPageObject.cs(7,4): DNX,Version=v4.5.1 error CS0246: The type or namespace name 'IWebDriver' could not be found (are you missing a using directive or an assembly reference?)'. See the inner exception for details.
---- Microsoft.Dnx.Compilation.CSharp.RoslynCompilationException : c:\users\stearm01\source\repos\xbdd\xbdd\src\xBDD.Browser\IPageObject.cs(7,4): DNX,Version=v4.5.1 error CS0246: The type or namespace name 'IWebDriver' could not be found (are you missing a using directive or an assembly reference?)]]></message>
          <stack-trace><![CDATA[   at xBDD.Core.StepExceptionHandler.ProcessException(StepExecutor stepExecutor, Step step, Exception ex) in c:\users\stearm01\source\repos\xbdd\xbdd\src\xBDD.Core\Core\StepExceptionHandler.cs:line 63
   at xBDD.Core.StepExceptionHandler.HandleException(StepExecutor stepExecutor, Step step, Exception ex) in c:\users\stearm01\source\repos\xbdd\xbdd\src\xBDD.Core\Core\StepExceptionHandler.cs:line 29
   at xBDD.Core.StepExecutor.<ExecuteStepAsync>d__4.MoveNext() in c:\users\stearm01\source\repos\xbdd\xbdd\src\xBDD.Core\Core\StepExecutor.cs:line 35
--- End of stack trace from previous location where exception was thrown ---
   at System.Runtime.CompilerServices.TaskAwaiter.ThrowForNonSuccess(Task task)
   at System.Runtime.CompilerServices.TaskAwaiter.HandleNonSuccessAndDebuggerNotification(Task task)
   at System.Runtime.CompilerServices.TaskAwaiter.GetResult()
   at xBDD.Core.ScenarioRunner.<RunAsync>d__8.MoveNext() in c:\users\stearm01\source\repos\xbdd\xbdd\src\xBDD.Core\Core\ScenarioRunner.cs:line 136
--- End of stack trace from previous location where exception was thrown ---
   at System.Runtime.CompilerServices.TaskAwaiter.ThrowForNonSuccess(Task task)
   at System.Runtime.CompilerServices.TaskAwaiter.HandleNonSuccessAndDebuggerNotification(Task task)
   at System.Runtime.CompilerServices.TaskAwaiter.GetResult()
   at xBDD.Core.ScenarioBuilder.<RunAsync>d__22.MoveNext() in c:\users\stearm01\source\repos\xbdd\xbdd\src\xBDD.Core\Core\ScenarioBuilder.cs:line 149
--- End of stack trace from previous location where exception was thrown ---
   at System.Runtime.CompilerServices.TaskAwaiter.ThrowForNonSuccess(Task task)
   at System.Runtime.CompilerServices.TaskAwaiter.HandleNonSuccessAndDebuggerNotification(Task task)
   at System.Runtime.CompilerServices.TaskAwaiter.GetResult()
   at xBDD.Reporting.Test.Features.ViewHtmlReport.ViewResults.ViewAreaStats.<FailedSkippedAndPassingFeatureStats>d__2.MoveNext() in c:\users\stearm01\source\repos\xbdd\xbdd\test\xBDD.Reporting.Test\Features\ViewHtmlReport\ViewStats\ViewAreaStats.cs:line 27
--- End of stack trace from previous location where exception was thrown ---
   at System.Runtime.CompilerServices.AsyncMethodBuilderCore.<>c__DisplayClass2.<ThrowAsync>b__3(Object state)
----- Inner Stack Trace -----
   at xBDD.Reporting.Test.Features.ViewHtmlReport.ViewResults.ViewAreaStats.<>c__DisplayClass2_0.<<FailedSkippedAndPassingFeatureStats>b__0>d.MoveNext()
   at System.Runtime.CompilerServices.AsyncTaskMethodBuilder.Start[TStateMachine](TStateMachine& stateMachine)
   at xBDD.Reporting.Test.Features.ViewHtmlReport.ViewResults.ViewAreaStats.<>c__DisplayClass2_0.<FailedSkippedAndPassingFeatureStats>b__0(Step s)
   at xBDD.Core.StepExecutor.<ExecuteStepAsync>d__4.MoveNext() in c:\users\stearm01\source\repos\xbdd\xbdd\src\xBDD.Core\Core\StepExecutor.cs:line 29]]></stack-trace>
        </failure>
      </test>
      <test name="xBDD.Reporting.Test.Features.ViewHtmlReport.ViewResults.ViewFeatureStats.FailedSkippedAndPassingScenarioStats" type="xBDD.Reporting.Test.Features.ViewHtmlReport.ViewResults.ViewFeatureStats" method="FailedSkippedAndPassingScenarioStats" time="0.1420756" result="Fail">
        <failure exception-type="xBDD.StepException">
          <message><![CDATA[xBDD.StepException : The step 'there should be a section under the feature name that displays scenario statistics about the feature' threw a 'RoslynCompilationException' exception with a message: 'c:\users\stearm01\source\repos\xbdd\xbdd\src\xBDD.Browser\IPageObject.cs(7,4): DNX,Version=v4.5.1 error CS0246: The type or namespace name 'IWebDriver' could not be found (are you missing a using directive or an assembly reference?)'. See the inner exception for details.
---- Microsoft.Dnx.Compilation.CSharp.RoslynCompilationException : c:\users\stearm01\source\repos\xbdd\xbdd\src\xBDD.Browser\IPageObject.cs(7,4): DNX,Version=v4.5.1 error CS0246: The type or namespace name 'IWebDriver' could not be found (are you missing a using directive or an assembly reference?)]]></message>
          <stack-trace><![CDATA[   at xBDD.Core.StepExceptionHandler.ProcessException(StepExecutor stepExecutor, Step step, Exception ex) in c:\users\stearm01\source\repos\xbdd\xbdd\src\xBDD.Core\Core\StepExceptionHandler.cs:line 63
   at xBDD.Core.StepExceptionHandler.HandleException(StepExecutor stepExecutor, Step step, Exception ex) in c:\users\stearm01\source\repos\xbdd\xbdd\src\xBDD.Core\Core\StepExceptionHandler.cs:line 29
   at xBDD.Core.StepExecutor.<ExecuteStepAsync>d__4.MoveNext() in c:\users\stearm01\source\repos\xbdd\xbdd\src\xBDD.Core\Core\StepExecutor.cs:line 35
--- End of stack trace from previous location where exception was thrown ---
   at System.Runtime.CompilerServices.TaskAwaiter.ThrowForNonSuccess(Task task)
   at System.Runtime.CompilerServices.TaskAwaiter.HandleNonSuccessAndDebuggerNotification(Task task)
   at System.Runtime.CompilerServices.TaskAwaiter.GetResult()
   at xBDD.Core.ScenarioRunner.<RunAsync>d__8.MoveNext() in c:\users\stearm01\source\repos\xbdd\xbdd\src\xBDD.Core\Core\ScenarioRunner.cs:line 136
--- End of stack trace from previous location where exception was thrown ---
   at System.Runtime.CompilerServices.TaskAwaiter.ThrowForNonSuccess(Task task)
   at System.Runtime.CompilerServices.TaskAwaiter.HandleNonSuccessAndDebuggerNotification(Task task)
   at System.Runtime.CompilerServices.TaskAwaiter.GetResult()
   at xBDD.Core.ScenarioBuilder.<RunAsync>d__22.MoveNext() in c:\users\stearm01\source\repos\xbdd\xbdd\src\xBDD.Core\Core\ScenarioBuilder.cs:line 149
--- End of stack trace from previous location where exception was thrown ---
   at System.Runtime.CompilerServices.TaskAwaiter.ThrowForNonSuccess(Task task)
   at System.Runtime.CompilerServices.TaskAwaiter.HandleNonSuccessAndDebuggerNotification(Task task)
   at System.Runtime.CompilerServices.TaskAwaiter.GetResult()
   at xBDD.Reporting.Test.Features.ViewHtmlReport.ViewResults.ViewFeatureStats.<FailedSkippedAndPassingScenarioStats>d__2.MoveNext() in c:\users\stearm01\source\repos\xbdd\xbdd\test\xBDD.Reporting.Test\Features\ViewHtmlReport\ViewStats\ViewFeatureStats.cs:line 27
--- End of stack trace from previous location where exception was thrown ---
   at System.Runtime.CompilerServices.AsyncMethodBuilderCore.<>c__DisplayClass2.<ThrowAsync>b__3(Object state)
----- Inner Stack Trace -----
   at xBDD.Reporting.Test.Features.ViewHtmlReport.ViewResults.ViewFeatureStats.<>c__DisplayClass2_0.<<FailedSkippedAndPassingScenarioStats>b__0>d.MoveNext()
   at System.Runtime.CompilerServices.AsyncTaskMethodBuilder.Start[TStateMachine](TStateMachine& stateMachine)
   at xBDD.Reporting.Test.Features.ViewHtmlReport.ViewResults.ViewFeatureStats.<>c__DisplayClass2_0.<FailedSkippedAndPassingScenarioStats>b__0(Step s)
   at xBDD.Core.StepExecutor.<ExecuteStepAsync>d__4.MoveNext() in c:\users\stearm01\source\repos\xbdd\xbdd\src\xBDD.Core\Core\StepExecutor.cs:line 29]]></stack-trace>
        </failure>
      </test>
      <test name="xBDD.Reporting.Test.Features.ViewHtmlReport.ViewResults.ViewScenarioStats.FailedSkippedAndPassingStepsStats" type="xBDD.Reporting.Test.Features.ViewHtmlReport.ViewResults.ViewScenarioStats" method="FailedSkippedAndPassingStepsStats" time="0.2186907" result="Fail">
        <failure exception-type="xBDD.StepException">
          <message><![CDATA[xBDD.StepException : The step 'there should be badget displaying the total number of steps in the scenario to the right of the scenario name' threw a 'RoslynCompilationException' exception with a message: 'c:\users\stearm01\source\repos\xbdd\xbdd\src\xBDD.Browser\IPageObject.cs(7,4): DNX,Version=v4.5.1 error CS0246: The type or namespace name 'IWebDriver' could not be found (are you missing a using directive or an assembly reference?)'. See the inner exception for details.
---- Microsoft.Dnx.Compilation.CSharp.RoslynCompilationException : c:\users\stearm01\source\repos\xbdd\xbdd\src\xBDD.Browser\IPageObject.cs(7,4): DNX,Version=v4.5.1 error CS0246: The type or namespace name 'IWebDriver' could not be found (are you missing a using directive or an assembly reference?)]]></message>
          <stack-trace><![CDATA[   at xBDD.Core.StepExceptionHandler.ProcessException(StepExecutor stepExecutor, Step step, Exception ex) in c:\users\stearm01\source\repos\xbdd\xbdd\src\xBDD.Core\Core\StepExceptionHandler.cs:line 63
   at xBDD.Core.StepExceptionHandler.HandleException(StepExecutor stepExecutor, Step step, Exception ex) in c:\users\stearm01\source\repos\xbdd\xbdd\src\xBDD.Core\Core\StepExceptionHandler.cs:line 29
   at xBDD.Core.StepExecutor.<ExecuteStepAsync>d__4.MoveNext() in c:\users\stearm01\source\repos\xbdd\xbdd\src\xBDD.Core\Core\StepExecutor.cs:line 35
--- End of stack trace from previous location where exception was thrown ---
   at System.Runtime.CompilerServices.TaskAwaiter.ThrowForNonSuccess(Task task)
   at System.Runtime.CompilerServices.TaskAwaiter.HandleNonSuccessAndDebuggerNotification(Task task)
   at System.Runtime.CompilerServices.TaskAwaiter.GetResult()
   at xBDD.Core.ScenarioRunner.<RunAsync>d__8.MoveNext() in c:\users\stearm01\source\repos\xbdd\xbdd\src\xBDD.Core\Core\ScenarioRunner.cs:line 136
--- End of stack trace from previous location where exception was thrown ---
   at System.Runtime.CompilerServices.TaskAwaiter.ThrowForNonSuccess(Task task)
   at System.Runtime.CompilerServices.TaskAwaiter.HandleNonSuccessAndDebuggerNotification(Task task)
   at System.Runtime.CompilerServices.TaskAwaiter.GetResult()
   at xBDD.Core.ScenarioBuilder.<RunAsync>d__22.MoveNext() in c:\users\stearm01\source\repos\xbdd\xbdd\src\xBDD.Core\Core\ScenarioBuilder.cs:line 149
--- End of stack trace from previous location where exception was thrown ---
   at System.Runtime.CompilerServices.TaskAwaiter.ThrowForNonSuccess(Task task)
   at System.Runtime.CompilerServices.TaskAwaiter.HandleNonSuccessAndDebuggerNotification(Task task)
   at System.Runtime.CompilerServices.TaskAwaiter.GetResult()
   at xBDD.Reporting.Test.Features.ViewHtmlReport.ViewResults.ViewScenarioStats.<FailedSkippedAndPassingStepsStats>d__2.MoveNext() in c:\users\stearm01\source\repos\xbdd\xbdd\test\xBDD.Reporting.Test\Features\ViewHtmlReport\ViewStats\ViewScenarioStats.cs:line 27
--- End of stack trace from previous location where exception was thrown ---
   at System.Runtime.CompilerServices.AsyncMethodBuilderCore.<>c__DisplayClass2.<ThrowAsync>b__3(Object state)
----- Inner Stack Trace -----
   at xBDD.Reporting.Test.Features.ViewHtmlReport.ViewResults.ViewScenarioStats.<>c__DisplayClass2_0.<<FailedSkippedAndPassingStepsStats>b__0>d.MoveNext()
   at System.Runtime.CompilerServices.AsyncTaskMethodBuilder.Start[TStateMachine](TStateMachine& stateMachine)
   at xBDD.Reporting.Test.Features.ViewHtmlReport.ViewResults.ViewScenarioStats.<>c__DisplayClass2_0.<FailedSkippedAndPassingStepsStats>b__0(Step s)
   at xBDD.Core.StepExecutor.<ExecuteStepAsync>d__4.MoveNext() in c:\users\stearm01\source\repos\xbdd\xbdd\src\xBDD.Core\Core\StepExecutor.cs:line 29]]></stack-trace>
        </failure>
      </test>
      <test name="xBDD.Reporting.Test.Features.ViewHtmlReport.ViewResults.ViewTestRunStats.FailedSkippedAndPassingScenarioStats" type="xBDD.Reporting.Test.Features.ViewHtmlReport.ViewResults.ViewTestRunStats" method="FailedSkippedAndPassingScenarioStats" time="0.20521" result="Fail">
        <failure exception-type="xBDD.StepException">
          <message><![CDATA[xBDD.StepException : The step 'there should be a section under the name that displays scenario statistics about the test run' threw a 'RoslynCompilationException' exception with a message: 'c:\users\stearm01\source\repos\xbdd\xbdd\src\xBDD.Browser\IPageObject.cs(7,4): DNX,Version=v4.5.1 error CS0246: The type or namespace name 'IWebDriver' could not be found (are you missing a using directive or an assembly reference?)'. See the inner exception for details.
---- Microsoft.Dnx.Compilation.CSharp.RoslynCompilationException : c:\users\stearm01\source\repos\xbdd\xbdd\src\xBDD.Browser\IPageObject.cs(7,4): DNX,Version=v4.5.1 error CS0246: The type or namespace name 'IWebDriver' could not be found (are you missing a using directive or an assembly reference?)]]></message>
          <stack-trace><![CDATA[   at xBDD.Core.StepExceptionHandler.ProcessException(StepExecutor stepExecutor, Step step, Exception ex) in c:\users\stearm01\source\repos\xbdd\xbdd\src\xBDD.Core\Core\StepExceptionHandler.cs:line 63
   at xBDD.Core.StepExceptionHandler.HandleException(StepExecutor stepExecutor, Step step, Exception ex) in c:\users\stearm01\source\repos\xbdd\xbdd\src\xBDD.Core\Core\StepExceptionHandler.cs:line 29
   at xBDD.Core.StepExecutor.<ExecuteStepAsync>d__4.MoveNext() in c:\users\stearm01\source\repos\xbdd\xbdd\src\xBDD.Core\Core\StepExecutor.cs:line 35
--- End of stack trace from previous location where exception was thrown ---
   at System.Runtime.CompilerServices.TaskAwaiter.ThrowForNonSuccess(Task task)
   at System.Runtime.CompilerServices.TaskAwaiter.HandleNonSuccessAndDebuggerNotification(Task task)
   at System.Runtime.CompilerServices.TaskAwaiter.GetResult()
   at xBDD.Core.ScenarioRunner.<RunAsync>d__8.MoveNext() in c:\users\stearm01\source\repos\xbdd\xbdd\src\xBDD.Core\Core\ScenarioRunner.cs:line 136
--- End of stack trace from previous location where exception was thrown ---
   at System.Runtime.CompilerServices.TaskAwaiter.ThrowForNonSuccess(Task task)
   at System.Runtime.CompilerServices.TaskAwaiter.HandleNonSuccessAndDebuggerNotification(Task task)
   at System.Runtime.CompilerServices.TaskAwaiter.GetResult()
   at xBDD.Core.ScenarioBuilder.<RunAsync>d__22.MoveNext() in c:\users\stearm01\source\repos\xbdd\xbdd\src\xBDD.Core\Core\ScenarioBuilder.cs:line 149
--- End of stack trace from previous location where exception was thrown ---
   at System.Runtime.CompilerServices.TaskAwaiter.ThrowForNonSuccess(Task task)
   at System.Runtime.CompilerServices.TaskAwaiter.HandleNonSuccessAndDebuggerNotification(Task task)
   at System.Runtime.CompilerServices.TaskAwaiter.GetResult()
   at xBDD.Reporting.Test.Features.ViewHtmlReport.ViewResults.ViewTestRunStats.<FailedSkippedAndPassingScenarioStats>d__4.MoveNext() in c:\users\stearm01\source\repos\xbdd\xbdd\test\xBDD.Reporting.Test\Features\ViewHtmlReport\ViewStats\ViewTestRunStats.cs:line 93
--- End of stack trace from previous location where exception was thrown ---
   at System.Runtime.CompilerServices.AsyncMethodBuilderCore.<>c__DisplayClass2.<ThrowAsync>b__3(Object state)
----- Inner Stack Trace -----
   at xBDD.Reporting.Test.Features.ViewHtmlReport.ViewResults.ViewTestRunStats.<>c__DisplayClass4_0.<<FailedSkippedAndPassingScenarioStats>b__0>d.MoveNext()
   at System.Runtime.CompilerServices.AsyncTaskMethodBuilder.Start[TStateMachine](TStateMachine& stateMachine)
   at xBDD.Reporting.Test.Features.ViewHtmlReport.ViewResults.ViewTestRunStats.<>c__DisplayClass4_0.<FailedSkippedAndPassingScenarioStats>b__0(Step s)
   at xBDD.Core.StepExecutor.<ExecuteStepAsync>d__4.MoveNext() in c:\users\stearm01\source\repos\xbdd\xbdd\src\xBDD.Core\Core\StepExecutor.cs:line 29]]></stack-trace>
        </failure>
      </test>
      <test name="xBDD.Reporting.Test.Features.ViewHtmlReport.ViewResults.ViewTestRunStats.AreaStatsNoAreas" type="xBDD.Reporting.Test.Features.ViewHtmlReport.ViewResults.ViewTestRunStats" method="AreaStatsNoAreas" time="0.0716433" result="Fail">
        <failure exception-type="xBDD.StepException">
          <message><![CDATA[xBDD.StepException : The step 'there should be a section under the name that displays area statistics about the test run' threw a 'RoslynCompilationException' exception with a message: 'c:\users\stearm01\source\repos\xbdd\xbdd\src\xBDD.Browser\IPageObject.cs(7,4): DNX,Version=v4.5.1 error CS0246: The type or namespace name 'IWebDriver' could not be found (are you missing a using directive or an assembly reference?)'. See the inner exception for details.
---- Microsoft.Dnx.Compilation.CSharp.RoslynCompilationException : c:\users\stearm01\source\repos\xbdd\xbdd\src\xBDD.Browser\IPageObject.cs(7,4): DNX,Version=v4.5.1 error CS0246: The type or namespace name 'IWebDriver' could not be found (are you missing a using directive or an assembly reference?)]]></message>
          <stack-trace><![CDATA[   at xBDD.Core.StepExceptionHandler.ProcessException(StepExecutor stepExecutor, Step step, Exception ex) in c:\users\stearm01\source\repos\xbdd\xbdd\src\xBDD.Core\Core\StepExceptionHandler.cs:line 63
   at xBDD.Core.StepExceptionHandler.HandleException(StepExecutor stepExecutor, Step step, Exception ex) in c:\users\stearm01\source\repos\xbdd\xbdd\src\xBDD.Core\Core\StepExceptionHandler.cs:line 29
   at xBDD.Core.StepExecutor.<ExecuteStepAsync>d__4.MoveNext() in c:\users\stearm01\source\repos\xbdd\xbdd\src\xBDD.Core\Core\StepExecutor.cs:line 35
--- End of stack trace from previous location where exception was thrown ---
   at System.Runtime.CompilerServices.TaskAwaiter.ThrowForNonSuccess(Task task)
   at System.Runtime.CompilerServices.TaskAwaiter.HandleNonSuccessAndDebuggerNotification(Task task)
   at System.Runtime.CompilerServices.TaskAwaiter.GetResult()
   at xBDD.Core.ScenarioRunner.<RunAsync>d__8.MoveNext() in c:\users\stearm01\source\repos\xbdd\xbdd\src\xBDD.Core\Core\ScenarioRunner.cs:line 136
--- End of stack trace from previous location where exception was thrown ---
   at System.Runtime.CompilerServices.TaskAwaiter.ThrowForNonSuccess(Task task)
   at System.Runtime.CompilerServices.TaskAwaiter.HandleNonSuccessAndDebuggerNotification(Task task)
   at System.Runtime.CompilerServices.TaskAwaiter.GetResult()
   at xBDD.Core.ScenarioBuilder.<RunAsync>d__22.MoveNext() in c:\users\stearm01\source\repos\xbdd\xbdd\src\xBDD.Core\Core\ScenarioBuilder.cs:line 149
--- End of stack trace from previous location where exception was thrown ---
   at System.Runtime.CompilerServices.TaskAwaiter.ThrowForNonSuccess(Task task)
   at System.Runtime.CompilerServices.TaskAwaiter.HandleNonSuccessAndDebuggerNotification(Task task)
   at System.Runtime.CompilerServices.TaskAwaiter.GetResult()
   at xBDD.Reporting.Test.Features.ViewHtmlReport.ViewResults.ViewTestRunStats.<AreaStatsNoAreas>d__5.MoveNext() in c:\users\stearm01\source\repos\xbdd\xbdd\test\xBDD.Reporting.Test\Features\ViewHtmlReport\ViewStats\ViewTestRunStats.cs:line 126
--- End of stack trace from previous location where exception was thrown ---
   at System.Runtime.CompilerServices.AsyncMethodBuilderCore.<>c__DisplayClass2.<ThrowAsync>b__3(Object state)
----- Inner Stack Trace -----
   at xBDD.Reporting.Test.Features.ViewHtmlReport.ViewResults.ViewTestRunStats.<>c__DisplayClass5_0.<<AreaStatsNoAreas>b__0>d.MoveNext()
   at System.Runtime.CompilerServices.AsyncTaskMethodBuilder.Start[TStateMachine](TStateMachine& stateMachine)
   at xBDD.Reporting.Test.Features.ViewHtmlReport.ViewResults.ViewTestRunStats.<>c__DisplayClass5_0.<AreaStatsNoAreas>b__0(Step s)
   at xBDD.Core.StepExecutor.<ExecuteStepAsync>d__4.MoveNext() in c:\users\stearm01\source\repos\xbdd\xbdd\src\xBDD.Core\Core\StepExecutor.cs:line 29]]></stack-trace>
        </failure>
      </test>
      <test name="xBDD.Reporting.Test.Features.ViewHtmlReport.ViewResults.ViewTestRunStats.FailedSkippedAndPassingAreaStats" type="xBDD.Reporting.Test.Features.ViewHtmlReport.ViewResults.ViewTestRunStats" method="FailedSkippedAndPassingAreaStats" time="0.1209407" result="Fail">
        <failure exception-type="xBDD.StepException">
          <message><![CDATA[xBDD.StepException : The step 'there should be a section under the name that displays area statistics about the test run' threw a 'RoslynCompilationException' exception with a message: 'c:\users\stearm01\source\repos\xbdd\xbdd\src\xBDD.Browser\IPageObject.cs(7,4): DNX,Version=v4.5.1 error CS0246: The type or namespace name 'IWebDriver' could not be found (are you missing a using directive or an assembly reference?)'. See the inner exception for details.
---- Microsoft.Dnx.Compilation.CSharp.RoslynCompilationException : c:\users\stearm01\source\repos\xbdd\xbdd\src\xBDD.Browser\IPageObject.cs(7,4): DNX,Version=v4.5.1 error CS0246: The type or namespace name 'IWebDriver' could not be found (are you missing a using directive or an assembly reference?)]]></message>
          <stack-trace><![CDATA[   at xBDD.Core.StepExceptionHandler.ProcessException(StepExecutor stepExecutor, Step step, Exception ex) in c:\users\stearm01\source\repos\xbdd\xbdd\src\xBDD.Core\Core\StepExceptionHandler.cs:line 63
   at xBDD.Core.StepExceptionHandler.HandleException(StepExecutor stepExecutor, Step step, Exception ex) in c:\users\stearm01\source\repos\xbdd\xbdd\src\xBDD.Core\Core\StepExceptionHandler.cs:line 29
   at xBDD.Core.StepExecutor.<ExecuteStepAsync>d__4.MoveNext() in c:\users\stearm01\source\repos\xbdd\xbdd\src\xBDD.Core\Core\StepExecutor.cs:line 35
--- End of stack trace from previous location where exception was thrown ---
   at System.Runtime.CompilerServices.TaskAwaiter.ThrowForNonSuccess(Task task)
   at System.Runtime.CompilerServices.TaskAwaiter.HandleNonSuccessAndDebuggerNotification(Task task)
   at System.Runtime.CompilerServices.TaskAwaiter.GetResult()
   at xBDD.Core.ScenarioRunner.<RunAsync>d__8.MoveNext() in c:\users\stearm01\source\repos\xbdd\xbdd\src\xBDD.Core\Core\ScenarioRunner.cs:line 136
--- End of stack trace from previous location where exception was thrown ---
   at System.Runtime.CompilerServices.TaskAwaiter.ThrowForNonSuccess(Task task)
   at System.Runtime.CompilerServices.TaskAwaiter.HandleNonSuccessAndDebuggerNotification(Task task)
   at System.Runtime.CompilerServices.TaskAwaiter.GetResult()
   at xBDD.Core.ScenarioBuilder.<RunAsync>d__22.MoveNext() in c:\users\stearm01\source\repos\xbdd\xbdd\src\xBDD.Core\Core\ScenarioBuilder.cs:line 149
--- End of stack trace from previous location where exception was thrown ---
   at System.Runtime.CompilerServices.TaskAwaiter.ThrowForNonSuccess(Task task)
   at System.Runtime.CompilerServices.TaskAwaiter.HandleNonSuccessAndDebuggerNotification(Task task)
   at System.Runtime.CompilerServices.TaskAwaiter.GetResult()
   at xBDD.Reporting.Test.Features.ViewHtmlReport.ViewResults.ViewTestRunStats.<FailedSkippedAndPassingAreaStats>d__2.MoveNext() in c:\users\stearm01\source\repos\xbdd\xbdd\test\xBDD.Reporting.Test\Features\ViewHtmlReport\ViewStats\ViewTestRunStats.cs:line 27
--- End of stack trace from previous location where exception was thrown ---
   at System.Runtime.CompilerServices.AsyncMethodBuilderCore.<>c__DisplayClass2.<ThrowAsync>b__3(Object state)
----- Inner Stack Trace -----
   at xBDD.Reporting.Test.Features.ViewHtmlReport.ViewResults.ViewTestRunStats.<>c__DisplayClass2_0.<<FailedSkippedAndPassingAreaStats>b__0>d.MoveNext()
   at System.Runtime.CompilerServices.AsyncTaskMethodBuilder.Start[TStateMachine](TStateMachine& stateMachine)
   at xBDD.Reporting.Test.Features.ViewHtmlReport.ViewResults.ViewTestRunStats.<>c__DisplayClass2_0.<FailedSkippedAndPassingAreaStats>b__0(Step s)
   at xBDD.Core.StepExecutor.<ExecuteStepAsync>d__4.MoveNext() in c:\users\stearm01\source\repos\xbdd\xbdd\src\xBDD.Core\Core\StepExecutor.cs:line 29]]></stack-trace>
        </failure>
      </test>
      <test name="xBDD.Reporting.Test.Features.ViewHtmlReport.ViewResults.ViewTestRunStats.FailedSkippedAndPassingFeatureStats" type="xBDD.Reporting.Test.Features.ViewHtmlReport.ViewResults.ViewTestRunStats" method="FailedSkippedAndPassingFeatureStats" time="0.0852321" result="Fail">
        <failure exception-type="xBDD.StepException">
          <message><![CDATA[xBDD.StepException : The step 'there should be a section under the name that displays feature statistics about the test run' threw a 'RoslynCompilationException' exception with a message: 'c:\users\stearm01\source\repos\xbdd\xbdd\src\xBDD.Browser\IPageObject.cs(7,4): DNX,Version=v4.5.1 error CS0246: The type or namespace name 'IWebDriver' could not be found (are you missing a using directive or an assembly reference?)'. See the inner exception for details.
---- Microsoft.Dnx.Compilation.CSharp.RoslynCompilationException : c:\users\stearm01\source\repos\xbdd\xbdd\src\xBDD.Browser\IPageObject.cs(7,4): DNX,Version=v4.5.1 error CS0246: The type or namespace name 'IWebDriver' could not be found (are you missing a using directive or an assembly reference?)]]></message>
          <stack-trace><![CDATA[   at xBDD.Core.StepExceptionHandler.ProcessException(StepExecutor stepExecutor, Step step, Exception ex) in c:\users\stearm01\source\repos\xbdd\xbdd\src\xBDD.Core\Core\StepExceptionHandler.cs:line 63
   at xBDD.Core.StepExceptionHandler.HandleException(StepExecutor stepExecutor, Step step, Exception ex) in c:\users\stearm01\source\repos\xbdd\xbdd\src\xBDD.Core\Core\StepExceptionHandler.cs:line 29
   at xBDD.Core.StepExecutor.<ExecuteStepAsync>d__4.MoveNext() in c:\users\stearm01\source\repos\xbdd\xbdd\src\xBDD.Core\Core\StepExecutor.cs:line 35
--- End of stack trace from previous location where exception was thrown ---
   at System.Runtime.CompilerServices.TaskAwaiter.ThrowForNonSuccess(Task task)
   at System.Runtime.CompilerServices.TaskAwaiter.HandleNonSuccessAndDebuggerNotification(Task task)
   at System.Runtime.CompilerServices.TaskAwaiter.GetResult()
   at xBDD.Core.ScenarioRunner.<RunAsync>d__8.MoveNext() in c:\users\stearm01\source\repos\xbdd\xbdd\src\xBDD.Core\Core\ScenarioRunner.cs:line 136
--- End of stack trace from previous location where exception was thrown ---
   at System.Runtime.CompilerServices.TaskAwaiter.ThrowForNonSuccess(Task task)
   at System.Runtime.CompilerServices.TaskAwaiter.HandleNonSuccessAndDebuggerNotification(Task task)
   at System.Runtime.CompilerServices.TaskAwaiter.GetResult()
   at xBDD.Core.ScenarioBuilder.<RunAsync>d__22.MoveNext() in c:\users\stearm01\source\repos\xbdd\xbdd\src\xBDD.Core\Core\ScenarioBuilder.cs:line 149
--- End of stack trace from previous location where exception was thrown ---
   at System.Runtime.CompilerServices.TaskAwaiter.ThrowForNonSuccess(Task task)
   at System.Runtime.CompilerServices.TaskAwaiter.HandleNonSuccessAndDebuggerNotification(Task task)
   at System.Runtime.CompilerServices.TaskAwaiter.GetResult()
   at xBDD.Reporting.Test.Features.ViewHtmlReport.ViewResults.ViewTestRunStats.<FailedSkippedAndPassingFeatureStats>d__3.MoveNext() in c:\users\stearm01\source\repos\xbdd\xbdd\test\xBDD.Reporting.Test\Features\ViewHtmlReport\ViewStats\ViewTestRunStats.cs:line 60
--- End of stack trace from previous location where exception was thrown ---
   at System.Runtime.CompilerServices.AsyncMethodBuilderCore.<>c__DisplayClass2.<ThrowAsync>b__3(Object state)
----- Inner Stack Trace -----
   at xBDD.Reporting.Test.Features.ViewHtmlReport.ViewResults.ViewTestRunStats.<>c__DisplayClass3_0.<<FailedSkippedAndPassingFeatureStats>b__0>d.MoveNext()
   at System.Runtime.CompilerServices.AsyncTaskMethodBuilder.Start[TStateMachine](TStateMachine& stateMachine)
   at xBDD.Reporting.Test.Features.ViewHtmlReport.ViewResults.ViewTestRunStats.<>c__DisplayClass3_0.<FailedSkippedAndPassingFeatureStats>b__0(Step s)
   at xBDD.Core.StepExecutor.<ExecuteStepAsync>d__4.MoveNext() in c:\users\stearm01\source\repos\xbdd\xbdd\src\xBDD.Core\Core\StepExecutor.cs:line 29]]></stack-trace>
        </failure>
      </test>
      <test name="xBDD.Reporting.Test.Features.ViewHtmlReport.CollapsingAndExpanding.CollapseAndExpandAreas.CollapseAll" type="xBDD.Reporting.Test.Features.ViewHtmlReport.CollapsingAndExpanding.CollapseAndExpandAreas" method="CollapseAll" time="0.0030904" result="Pass" />
      <test name="xBDD.Reporting.Test.Features.ViewHtmlReport.CollapsingAndExpanding.CollapseAndExpandAreas.Collapse" type="xBDD.Reporting.Test.Features.ViewHtmlReport.CollapsingAndExpanding.CollapseAndExpandAreas" method="Collapse" time="0.0601385" result="Fail">
        <failure exception-type="xBDD.StepException">
          <message><![CDATA[xBDD.StepException : The step 'the user expands the first area' threw a 'RoslynCompilationException' exception with a message: 'c:\users\stearm01\source\repos\xbdd\xbdd\src\xBDD.Browser\IPageObject.cs(7,4): DNX,Version=v4.5.1 error CS0246: The type or namespace name 'IWebDriver' could not be found (are you missing a using directive or an assembly reference?)'. See the inner exception for details.
---- Microsoft.Dnx.Compilation.CSharp.RoslynCompilationException : c:\users\stearm01\source\repos\xbdd\xbdd\src\xBDD.Browser\IPageObject.cs(7,4): DNX,Version=v4.5.1 error CS0246: The type or namespace name 'IWebDriver' could not be found (are you missing a using directive or an assembly reference?)]]></message>
          <stack-trace><![CDATA[   at xBDD.Core.StepExceptionHandler.ProcessException(StepExecutor stepExecutor, Step step, Exception ex) in c:\users\stearm01\source\repos\xbdd\xbdd\src\xBDD.Core\Core\StepExceptionHandler.cs:line 63
   at xBDD.Core.StepExceptionHandler.HandleException(StepExecutor stepExecutor, Step step, Exception ex) in c:\users\stearm01\source\repos\xbdd\xbdd\src\xBDD.Core\Core\StepExceptionHandler.cs:line 29
   at xBDD.Core.StepExecutor.<ExecuteStepAsync>d__4.MoveNext() in c:\users\stearm01\source\repos\xbdd\xbdd\src\xBDD.Core\Core\StepExecutor.cs:line 35
--- End of stack trace from previous location where exception was thrown ---
   at System.Runtime.CompilerServices.TaskAwaiter.ThrowForNonSuccess(Task task)
   at System.Runtime.CompilerServices.TaskAwaiter.HandleNonSuccessAndDebuggerNotification(Task task)
   at System.Runtime.CompilerServices.TaskAwaiter.GetResult()
   at xBDD.Core.ScenarioRunner.<RunAsync>d__8.MoveNext() in c:\users\stearm01\source\repos\xbdd\xbdd\src\xBDD.Core\Core\ScenarioRunner.cs:line 136
--- End of stack trace from previous location where exception was thrown ---
   at System.Runtime.CompilerServices.TaskAwaiter.ThrowForNonSuccess(Task task)
   at System.Runtime.CompilerServices.TaskAwaiter.HandleNonSuccessAndDebuggerNotification(Task task)
   at System.Runtime.CompilerServices.TaskAwaiter.GetResult()
   at xBDD.Core.ScenarioBuilder.<RunAsync>d__22.MoveNext() in c:\users\stearm01\source\repos\xbdd\xbdd\src\xBDD.Core\Core\ScenarioBuilder.cs:line 149
--- End of stack trace from previous location where exception was thrown ---
   at System.Runtime.CompilerServices.TaskAwaiter.ThrowForNonSuccess(Task task)
   at System.Runtime.CompilerServices.TaskAwaiter.HandleNonSuccessAndDebuggerNotification(Task task)
   at System.Runtime.CompilerServices.TaskAwaiter.GetResult()
   at xBDD.Reporting.Test.Features.ViewHtmlReport.CollapsingAndExpanding.CollapseAndExpandAreas.<Collapse>d__2.MoveNext() in c:\users\stearm01\source\repos\xbdd\xbdd\test\xBDD.Reporting.Test\Features\ViewHtmlReport\CollapsingAndExpanding\CollapseAndExpandAreas.cs:line 23
--- End of stack trace from previous location where exception was thrown ---
   at System.Runtime.CompilerServices.AsyncMethodBuilderCore.<>c__DisplayClass2.<ThrowAsync>b__3(Object state)
----- Inner Stack Trace -----
   at xBDD.Reporting.Test.Features.ViewHtmlReport.CollapsingAndExpanding.CollapseAndExpandAreas.<>c__DisplayClass2_0.<<Collapse>b__0>d.MoveNext()
   at System.Runtime.CompilerServices.AsyncTaskMethodBuilder.Start[TStateMachine](TStateMachine& stateMachine)
   at xBDD.Reporting.Test.Features.ViewHtmlReport.CollapsingAndExpanding.CollapseAndExpandAreas.<>c__DisplayClass2_0.<Collapse>b__0(Step s)
   at xBDD.Core.StepExecutor.<ExecuteStepAsync>d__4.MoveNext() in c:\users\stearm01\source\repos\xbdd\xbdd\src\xBDD.Core\Core\StepExecutor.cs:line 29]]></stack-trace>
        </failure>
      </test>
      <test name="xBDD.Reporting.Test.Features.ViewHtmlReport.CollapsingAndExpanding.CollapseAndExpandAreas.ExpandAll" type="xBDD.Reporting.Test.Features.ViewHtmlReport.CollapsingAndExpanding.CollapseAndExpandAreas" method="ExpandAll" time="0.088383" result="Fail">
        <failure exception-type="xBDD.StepException">
          <message><![CDATA[xBDD.StepException : The step 'the user clicks the expand all areas menu option' threw a 'RoslynCompilationException' exception with a message: 'c:\users\stearm01\source\repos\xbdd\xbdd\src\xBDD.Browser\IPageObject.cs(7,4): DNX,Version=v4.5.1 error CS0246: The type or namespace name 'IWebDriver' could not be found (are you missing a using directive or an assembly reference?)'. See the inner exception for details.
---- Microsoft.Dnx.Compilation.CSharp.RoslynCompilationException : c:\users\stearm01\source\repos\xbdd\xbdd\src\xBDD.Browser\IPageObject.cs(7,4): DNX,Version=v4.5.1 error CS0246: The type or namespace name 'IWebDriver' could not be found (are you missing a using directive or an assembly reference?)]]></message>
          <stack-trace><![CDATA[   at xBDD.Core.StepExceptionHandler.ProcessException(StepExecutor stepExecutor, Step step, Exception ex) in c:\users\stearm01\source\repos\xbdd\xbdd\src\xBDD.Core\Core\StepExceptionHandler.cs:line 63
   at xBDD.Core.StepExceptionHandler.HandleException(StepExecutor stepExecutor, Step step, Exception ex) in c:\users\stearm01\source\repos\xbdd\xbdd\src\xBDD.Core\Core\StepExceptionHandler.cs:line 29
   at xBDD.Core.StepExecutor.<ExecuteStepAsync>d__4.MoveNext() in c:\users\stearm01\source\repos\xbdd\xbdd\src\xBDD.Core\Core\StepExecutor.cs:line 35
--- End of stack trace from previous location where exception was thrown ---
   at System.Runtime.CompilerServices.TaskAwaiter.ThrowForNonSuccess(Task task)
   at System.Runtime.CompilerServices.TaskAwaiter.HandleNonSuccessAndDebuggerNotification(Task task)
   at System.Runtime.CompilerServices.TaskAwaiter.GetResult()
   at xBDD.Core.ScenarioRunner.<RunAsync>d__8.MoveNext() in c:\users\stearm01\source\repos\xbdd\xbdd\src\xBDD.Core\Core\ScenarioRunner.cs:line 136
--- End of stack trace from previous location where exception was thrown ---
   at System.Runtime.CompilerServices.TaskAwaiter.ThrowForNonSuccess(Task task)
   at System.Runtime.CompilerServices.TaskAwaiter.HandleNonSuccessAndDebuggerNotification(Task task)
   at System.Runtime.CompilerServices.TaskAwaiter.GetResult()
   at xBDD.Core.ScenarioBuilder.<RunAsync>d__22.MoveNext() in c:\users\stearm01\source\repos\xbdd\xbdd\src\xBDD.Core\Core\ScenarioBuilder.cs:line 149
--- End of stack trace from previous location where exception was thrown ---
   at System.Runtime.CompilerServices.TaskAwaiter.ThrowForNonSuccess(Task task)
   at System.Runtime.CompilerServices.TaskAwaiter.HandleNonSuccessAndDebuggerNotification(Task task)
   at System.Runtime.CompilerServices.TaskAwaiter.GetResult()
   at xBDD.Reporting.Test.Features.ViewHtmlReport.CollapsingAndExpanding.CollapseAndExpandAreas.<ExpandAll>d__5.MoveNext() in c:\users\stearm01\source\repos\xbdd\xbdd\test\xBDD.Reporting.Test\Features\ViewHtmlReport\CollapsingAndExpanding\CollapseAndExpandAreas.cs:line 71
--- End of stack trace from previous location where exception was thrown ---
   at System.Runtime.CompilerServices.AsyncMethodBuilderCore.<>c__DisplayClass2.<ThrowAsync>b__3(Object state)
----- Inner Stack Trace -----
   at xBDD.Reporting.Test.Features.ViewHtmlReport.CollapsingAndExpanding.CollapseAndExpandAreas.<>c__DisplayClass5_0.<<ExpandAll>b__0>d.MoveNext()
   at System.Runtime.CompilerServices.AsyncTaskMethodBuilder.Start[TStateMachine](TStateMachine& stateMachine)
   at xBDD.Reporting.Test.Features.ViewHtmlReport.CollapsingAndExpanding.CollapseAndExpandAreas.<>c__DisplayClass5_0.<ExpandAll>b__0(Step s)
   at xBDD.Core.StepExecutor.<ExecuteStepAsync>d__4.MoveNext() in c:\users\stearm01\source\repos\xbdd\xbdd\src\xBDD.Core\Core\StepExecutor.cs:line 29]]></stack-trace>
        </failure>
      </test>
      <test name="xBDD.Reporting.Test.Features.ViewHtmlReport.CollapsingAndExpanding.CollapseAndExpandAreas.Expand" type="xBDD.Reporting.Test.Features.ViewHtmlReport.CollapsingAndExpanding.CollapseAndExpandAreas" method="Expand" time="0.0578948" result="Fail">
        <failure exception-type="xBDD.StepException">
          <message><![CDATA[xBDD.StepException : The step 'the user clicks the first area' threw a 'RoslynCompilationException' exception with a message: 'c:\users\stearm01\source\repos\xbdd\xbdd\src\xBDD.Browser\IPageObject.cs(7,4): DNX,Version=v4.5.1 error CS0246: The type or namespace name 'IWebDriver' could not be found (are you missing a using directive or an assembly reference?)'. See the inner exception for details.
---- Microsoft.Dnx.Compilation.CSharp.RoslynCompilationException : c:\users\stearm01\source\repos\xbdd\xbdd\src\xBDD.Browser\IPageObject.cs(7,4): DNX,Version=v4.5.1 error CS0246: The type or namespace name 'IWebDriver' could not be found (are you missing a using directive or an assembly reference?)]]></message>
          <stack-trace><![CDATA[   at xBDD.Core.StepExceptionHandler.ProcessException(StepExecutor stepExecutor, Step step, Exception ex) in c:\users\stearm01\source\repos\xbdd\xbdd\src\xBDD.Core\Core\StepExceptionHandler.cs:line 63
   at xBDD.Core.StepExceptionHandler.HandleException(StepExecutor stepExecutor, Step step, Exception ex) in c:\users\stearm01\source\repos\xbdd\xbdd\src\xBDD.Core\Core\StepExceptionHandler.cs:line 29
   at xBDD.Core.StepExecutor.<ExecuteStepAsync>d__4.MoveNext() in c:\users\stearm01\source\repos\xbdd\xbdd\src\xBDD.Core\Core\StepExecutor.cs:line 35
--- End of stack trace from previous location where exception was thrown ---
   at System.Runtime.CompilerServices.TaskAwaiter.ThrowForNonSuccess(Task task)
   at System.Runtime.CompilerServices.TaskAwaiter.HandleNonSuccessAndDebuggerNotification(Task task)
   at System.Runtime.CompilerServices.TaskAwaiter.GetResult()
   at xBDD.Core.ScenarioRunner.<RunAsync>d__8.MoveNext() in c:\users\stearm01\source\repos\xbdd\xbdd\src\xBDD.Core\Core\ScenarioRunner.cs:line 136
--- End of stack trace from previous location where exception was thrown ---
   at System.Runtime.CompilerServices.TaskAwaiter.ThrowForNonSuccess(Task task)
   at System.Runtime.CompilerServices.TaskAwaiter.HandleNonSuccessAndDebuggerNotification(Task task)
   at System.Runtime.CompilerServices.TaskAwaiter.GetResult()
   at xBDD.Core.ScenarioBuilder.<RunAsync>d__22.MoveNext() in c:\users\stearm01\source\repos\xbdd\xbdd\src\xBDD.Core\Core\ScenarioBuilder.cs:line 149
--- End of stack trace from previous location where exception was thrown ---
   at System.Runtime.CompilerServices.TaskAwaiter.ThrowForNonSuccess(Task task)
   at System.Runtime.CompilerServices.TaskAwaiter.HandleNonSuccessAndDebuggerNotification(Task task)
   at System.Runtime.CompilerServices.TaskAwaiter.GetResult()
   at xBDD.Reporting.Test.Features.ViewHtmlReport.CollapsingAndExpanding.CollapseAndExpandAreas.<Expand>d__4.MoveNext() in c:\users\stearm01\source\repos\xbdd\xbdd\test\xBDD.Reporting.Test\Features\ViewHtmlReport\CollapsingAndExpanding\CollapseAndExpandAreas.cs:line 54
--- End of stack trace from previous location where exception was thrown ---
   at System.Runtime.CompilerServices.AsyncMethodBuilderCore.<>c__DisplayClass2.<ThrowAsync>b__3(Object state)
----- Inner Stack Trace -----
   at xBDD.Reporting.Test.Features.ViewHtmlReport.CollapsingAndExpanding.CollapseAndExpandAreas.<>c__DisplayClass4_0.<Expand>b__0(Step s)
   at xBDD.Core.StepExecutor.<>c__DisplayClass4_0.<ExecuteStepAsync>b__0() in c:\users\stearm01\source\repos\xbdd\xbdd\src\xBDD.Core\Core\StepExecutor.cs:line 25
   at System.Threading.Tasks.Task.InnerInvoke()
   at System.Threading.Tasks.Task.Execute()
--- End of stack trace from previous location where exception was thrown ---
   at System.Runtime.CompilerServices.TaskAwaiter.ThrowForNonSuccess(Task task)
   at System.Runtime.CompilerServices.TaskAwaiter.HandleNonSuccessAndDebuggerNotification(Task task)
   at System.Runtime.CompilerServices.TaskAwaiter.GetResult()
   at xBDD.Core.StepExecutor.<ExecuteStepAsync>d__4.MoveNext() in c:\users\stearm01\source\repos\xbdd\xbdd\src\xBDD.Core\Core\StepExecutor.cs:line 25]]></stack-trace>
        </failure>
      </test>
      <test name="xBDD.Reporting.Test.Features.ViewHtmlReport.CollapsingAndExpanding.CollapseAndExpandAreaDescription.CollapseAll" type="xBDD.Reporting.Test.Features.ViewHtmlReport.CollapsingAndExpanding.CollapseAndExpandAreaDescription" method="CollapseAll" time="0.0004386" result="Pass" />
      <test name="xBDD.Reporting.Test.Features.ViewHtmlReport.CollapsingAndExpanding.CollapseAndExpandAreaDescription.Collapse" type="xBDD.Reporting.Test.Features.ViewHtmlReport.CollapsingAndExpanding.CollapseAndExpandAreaDescription" method="Collapse" time="0.0001139" result="Pass" />
      <test name="xBDD.Reporting.Test.Features.ViewHtmlReport.CollapsingAndExpanding.CollapseAndExpandAreaDescription.ExpandAll" type="xBDD.Reporting.Test.Features.ViewHtmlReport.CollapsingAndExpanding.CollapseAndExpandAreaDescription" method="ExpandAll" time="0.0001113" result="Pass" />
      <test name="xBDD.Reporting.Test.Features.ViewHtmlReport.CollapsingAndExpanding.CollapseAndExpandAreaDescription.Expand" type="xBDD.Reporting.Test.Features.ViewHtmlReport.CollapsingAndExpanding.CollapseAndExpandAreaDescription" method="Expand" time="0.0001284" result="Pass" />
      <test name="xBDD.Reporting.Test.Features.ViewHtmlReport.CollapsingAndExpanding.CollapseAndExpandAreaDescription.DefaultCollapsedWhenMoreThan5" type="xBDD.Reporting.Test.Features.ViewHtmlReport.CollapsingAndExpanding.CollapseAndExpandAreaDescription" method="DefaultCollapsedWhenMoreThan5" time="0.000122" result="Pass" />
      <test name="xBDD.Reporting.Test.Features.ViewHtmlReport.CollapsingAndExpanding.CollapseAndExpandException.DefaultCollapsedWhenMoreThan5" type="xBDD.Reporting.Test.Features.ViewHtmlReport.CollapsingAndExpanding.CollapseAndExpandException" method="DefaultCollapsedWhenMoreThan5" time="0.0003052" result="Pass" />
      <test name="xBDD.Reporting.Test.Features.ViewHtmlReport.CollapsingAndExpanding.CollapseAndExpandException.Expand" type="xBDD.Reporting.Test.Features.ViewHtmlReport.CollapsingAndExpanding.CollapseAndExpandException" method="Expand" time="0.000104" result="Pass" />
      <test name="xBDD.Reporting.Test.Features.ViewHtmlReport.CollapsingAndExpanding.CollapseAndExpandException.CollapseAll" type="xBDD.Reporting.Test.Features.ViewHtmlReport.CollapsingAndExpanding.CollapseAndExpandException" method="CollapseAll" time="0.0000912" result="Pass" />
      <test name="xBDD.Reporting.Test.Features.ViewHtmlReport.CollapsingAndExpanding.CollapseAndExpandException.ExpandAll" type="xBDD.Reporting.Test.Features.ViewHtmlReport.CollapsingAndExpanding.CollapseAndExpandException" method="ExpandAll" time="0.0001634" result="Pass" />
      <test name="xBDD.Reporting.Test.Features.ViewHtmlReport.CollapsingAndExpanding.CollapseAndExpandException.Collapse" type="xBDD.Reporting.Test.Features.ViewHtmlReport.CollapsingAndExpanding.CollapseAndExpandException" method="Collapse" time="0.000179" result="Pass" />
      <test name="xBDD.Reporting.Test.Features.ViewHtmlReport.CollapsingAndExpanding.CollapseAndExpandOutput.DefaultCollapsedWhenMoreThan5" type="xBDD.Reporting.Test.Features.ViewHtmlReport.CollapsingAndExpanding.CollapseAndExpandOutput" method="DefaultCollapsedWhenMoreThan5" time="0.0002941" result="Pass" />
      <test name="xBDD.Reporting.Test.Features.ViewHtmlReport.CollapsingAndExpanding.CollapseAndExpandOutput.ExpandAll" type="xBDD.Reporting.Test.Features.ViewHtmlReport.CollapsingAndExpanding.CollapseAndExpandOutput" method="ExpandAll" time="0.0001173" result="Pass" />
      <test name="xBDD.Reporting.Test.Features.ViewHtmlReport.CollapsingAndExpanding.CollapseAndExpandOutput.Collapse" type="xBDD.Reporting.Test.Features.ViewHtmlReport.CollapsingAndExpanding.CollapseAndExpandOutput" method="Collapse" time="0.0001086" result="Pass" />
      <test name="xBDD.Reporting.Test.Features.ViewHtmlReport.CollapsingAndExpanding.CollapseAndExpandOutput.CollapseAll" type="xBDD.Reporting.Test.Features.ViewHtmlReport.CollapsingAndExpanding.CollapseAndExpandOutput" method="CollapseAll" time="0.0001029" result="Pass" />
      <test name="xBDD.Reporting.Test.Features.ViewHtmlReport.CollapsingAndExpanding.CollapseAndExpandOutput.Expand" type="xBDD.Reporting.Test.Features.ViewHtmlReport.CollapsingAndExpanding.CollapseAndExpandOutput" method="Expand" time="0.00009" result="Pass" />
    </collection>
  </assembly>
</assemblies>